{
 "cells": [
  {
   "cell_type": "code",
   "execution_count": 1,
   "metadata": {
    "deletable": false,
    "editable": false
   },
   "outputs": [],
   "source": [
    "# Initialize Otter\n",
    "import otter\n",
    "grader = otter.Notebook(\"proj2.ipynb\")"
   ]
  },
  {
   "cell_type": "markdown",
   "metadata": {},
   "source": [
    "# Project 2: Query Performance\n",
    "## Due Date: Friday 03/12, 11:59 PM\n",
    "## Assignment Details\n",
    "In this project, we will explore how the database system optimizes query execution and how users can futher tune the performance of their queries.\n",
    "\n",
    "This project works with the Lahman's Baseball Database, an open source collection of baseball statistics from 1871 to 2020. It contains a variety of data, like batting statistics, team stats, managerial records, Hall of Fame records, and much more.\n",
    "\n",
    "**Note:** If at any point during the project, the internal state of the database or its tables have been modified in an undesirable way (i.e. a modification not resulting from the instructions of a question), restart your kernel and clear output and simply re-run the notebook as normal. This will shutdown you current connection to the database, which will prevent the issue of multiple connections to the database at any given point, and when re-running the notebook you will create a fresh database based on the provided Postgres dump.\n",
    "\n",
    "## Scoring Breakdown\n",
    "Question | Points\n",
    "--- | ---\n",
    "1a\t| 1\n",
    "1bi\t| 1\n",
    "1bii\t| 2\n",
    "1c\t| 1\n",
    "1di\t| 2\n",
    "1dii\t| 1\n",
    "1ei\t| 1\n",
    "1eii\t| 1\n",
    "1eiii\t| 1\n",
    "1eiv\t| 2\n",
    "1ev\t| 2\n",
    "2a\t| 1\n",
    "2b\t| 1\n",
    "2c\t| 2\n",
    "2d\t| 2\n",
    "3a\t| 2\n",
    "3bi\t| 1\n",
    "3bii |\t2\n",
    "3ci\t| 1\n",
    "3cii\t| 2\n",
    "4a\t| 2\n",
    "4b\t| 1\n",
    "4c\t| 1\n",
    "4di\t| 2\n",
    "4dii |\t2\n",
    "4ei\t| 2\n",
    "4eii | \t1\n",
    "4eiii |\t2\n",
    "4eiv |\t1\n",
    "4ev |\t1\n",
    "4evi |\t2\n",
    "4evii |\t2\n",
    "5a | 2\n",
    "5b | 2\n",
    "5c | 1\n",
    "5d | 2\n",
    "6a | 2\n",
    "6b | 1\n",
    "6c | 1\n",
    "6d | 2\n",
    "6e | 2\n",
    "7a | 1\n",
    "7b | 1\n",
    "8ai | 0\n",
    "8aii | 1\n",
    "8aiii | 1\n",
    "8b | 1\n",
    "8c | 1\n",
    "8d | 2\n",
    "8e | 1\n",
    "**Total** | 72"
   ]
  },
  {
   "cell_type": "code",
   "execution_count": 2,
   "metadata": {},
   "outputs": [],
   "source": [
    "# Run this cell to set up imports\n",
    "import numpy as np\n",
    "import pandas as pd"
   ]
  },
  {
   "cell_type": "markdown",
   "metadata": {},
   "source": [
    "## Getting Connected\n",
    "Similar to Project 1, we will be using the `ipython-sql` library to connect this notebook to a PostgreSQL database server on your JupyterHub account. Run the following cell to initiate the connection."
   ]
  },
  {
   "cell_type": "code",
   "execution_count": null,
   "metadata": {},
   "outputs": [],
   "source": [
    "# %sql postgresql://postgres:postgres@127.0.0.1:5432/baseball\n",
    "# !PGPASSWORD=postgres psql -h localhost -U postgres -c 'DROP DATABASE IF EXISTS imdb'\n",
    "# !PGPASSWORD=postgres psql -h localhost -U postgres -c 'CREATE DATABASE imdb' \n",
    "# !PGPASSWORD=postgres psql -h localhost -U postgres -d imdb -f data/imdbdb.sql"
   ]
  },
  {
   "cell_type": "code",
   "execution_count": 3,
   "metadata": {},
   "outputs": [],
   "source": [
    "%reload_ext sql\n",
    "%sql postgresql://postgres:postgres@127.0.0.1:5432/postgres"
   ]
  },
  {
   "cell_type": "markdown",
   "metadata": {},
   "source": [
    "## Setting up the Database\n",
    "The following cell will create the `baseball` database (if needed), unzip the Postgres dump of the Lahman's Baseball Database, populate the `baseball` database with the desired tables and data, and finally display all databases associated with the Postgres instance. After running the cell, you should see the `baseball` database in the generated list of databases outputted by `%sql \\l`."
   ]
  },
  {
   "cell_type": "code",
   "execution_count": 4,
   "metadata": {},
   "outputs": [
    {
     "data": {
      "text/plain": [
       "'            \\n!psql $POSTGRES_URI -c \\'DROP DATABASE IF EXISTS baseball\\'\\n!psql $POSTGRES_URI -c \\'CREATE DATABASE baseball\\'\\n!gzip -dc data/lahman.pgdump.gz | psql \"$POSTGRES_URI/baseball\" -f -\\n!psql $POSTGRES_URI -c \\'SET max_parallel_workers_per_gather = 0;\\'\\n%sql \\\\l\\n'"
      ]
     },
     "execution_count": 4,
     "metadata": {},
     "output_type": "execute_result"
    }
   ],
   "source": [
    "POSTGRES_URI = 'postgresql://postgres:postgres@127.0.0.1:5432'\n",
    "\n",
    "# Run this only on initial run\n",
    "\"\"\"            \n",
    "!psql $POSTGRES_URI -c 'DROP DATABASE IF EXISTS baseball'\n",
    "!psql $POSTGRES_URI -c 'CREATE DATABASE baseball'\n",
    "!gzip -dc data/lahman.pgdump.gz | psql \"$POSTGRES_URI/baseball\" -f -\n",
    "!psql $POSTGRES_URI -c 'SET max_parallel_workers_per_gather = 0;'\n",
    "%sql \\l\n",
    "\"\"\""
   ]
  },
  {
   "cell_type": "markdown",
   "metadata": {},
   "source": [
    "Now, run the following cell to connect to the `baseball` database. There should be no errors after running the following cell."
   ]
  },
  {
   "cell_type": "code",
   "execution_count": 5,
   "metadata": {},
   "outputs": [],
   "source": [
    "%sql $POSTGRES_URI/baseball"
   ]
  },
  {
   "cell_type": "markdown",
   "metadata": {},
   "source": [
    "To ensure that the connection to the database has been established, let's try grabbing the first 5 rows from the `halloffame` table."
   ]
  },
  {
   "cell_type": "code",
   "execution_count": 6,
   "metadata": {},
   "outputs": [
    {
     "name": "stdout",
     "output_type": "stream",
     "text": [
      " * postgresql://postgres:***@127.0.0.1:5432/baseball\n",
      "   postgresql://postgres:***@127.0.0.1:5432/postgres\n",
      "5 rows affected.\n"
     ]
    },
    {
     "data": {
      "text/html": [
       "<table>\n",
       "    <tr>\n",
       "        <th>playerid</th>\n",
       "        <th>yearid</th>\n",
       "        <th>votedby</th>\n",
       "        <th>ballots</th>\n",
       "        <th>needed</th>\n",
       "        <th>votes</th>\n",
       "        <th>inducted</th>\n",
       "        <th>category</th>\n",
       "        <th>needed_note</th>\n",
       "    </tr>\n",
       "    <tr>\n",
       "        <td>cobbty01</td>\n",
       "        <td>1936</td>\n",
       "        <td>BBWAA</td>\n",
       "        <td>226</td>\n",
       "        <td>170</td>\n",
       "        <td>222</td>\n",
       "        <td>Y</td>\n",
       "        <td>Player</td>\n",
       "        <td>None</td>\n",
       "    </tr>\n",
       "    <tr>\n",
       "        <td>ruthba01</td>\n",
       "        <td>1936</td>\n",
       "        <td>BBWAA</td>\n",
       "        <td>226</td>\n",
       "        <td>170</td>\n",
       "        <td>215</td>\n",
       "        <td>Y</td>\n",
       "        <td>Player</td>\n",
       "        <td>None</td>\n",
       "    </tr>\n",
       "    <tr>\n",
       "        <td>wagneho01</td>\n",
       "        <td>1936</td>\n",
       "        <td>BBWAA</td>\n",
       "        <td>226</td>\n",
       "        <td>170</td>\n",
       "        <td>215</td>\n",
       "        <td>Y</td>\n",
       "        <td>Player</td>\n",
       "        <td>None</td>\n",
       "    </tr>\n",
       "    <tr>\n",
       "        <td>mathech01</td>\n",
       "        <td>1936</td>\n",
       "        <td>BBWAA</td>\n",
       "        <td>226</td>\n",
       "        <td>170</td>\n",
       "        <td>205</td>\n",
       "        <td>Y</td>\n",
       "        <td>Player</td>\n",
       "        <td>None</td>\n",
       "    </tr>\n",
       "    <tr>\n",
       "        <td>johnswa01</td>\n",
       "        <td>1936</td>\n",
       "        <td>BBWAA</td>\n",
       "        <td>226</td>\n",
       "        <td>170</td>\n",
       "        <td>189</td>\n",
       "        <td>Y</td>\n",
       "        <td>Player</td>\n",
       "        <td>None</td>\n",
       "    </tr>\n",
       "</table>"
      ],
      "text/plain": [
       "[('cobbty01', 1936, 'BBWAA', 226, 170, 222, 'Y', 'Player', None),\n",
       " ('ruthba01', 1936, 'BBWAA', 226, 170, 215, 'Y', 'Player', None),\n",
       " ('wagneho01', 1936, 'BBWAA', 226, 170, 215, 'Y', 'Player', None),\n",
       " ('mathech01', 1936, 'BBWAA', 226, 170, 205, 'Y', 'Player', None),\n",
       " ('johnswa01', 1936, 'BBWAA', 226, 170, 189, 'Y', 'Player', None)]"
      ]
     },
     "execution_count": 6,
     "metadata": {},
     "output_type": "execute_result"
    }
   ],
   "source": [
    "%%sql\n",
    "SELECT * FROM halloffame LIMIT 5"
   ]
  },
  {
   "cell_type": "markdown",
   "metadata": {},
   "source": [
    "Run the following cell for grading purposes."
   ]
  },
  {
   "cell_type": "code",
   "execution_count": 7,
   "metadata": {},
   "outputs": [],
   "source": [
    "# !mkdir -p results"
   ]
  },
  {
   "cell_type": "markdown",
   "metadata": {},
   "source": [
    "## Table Descriptions\n",
    "In its entirety the Lahman's Baseball Database contains 27 tables containing a variety of statistics for players, teams, games, schools, etc. For simplicity, this project will focus on a subset of the tables:\n",
    "* `appearances`: details on the positions each player appeared at\n",
    "* `batting`: batting statistics for each player\n",
    "* `collegeplaying`: list of players and the colleges they attended\n",
    "* `halloffame`: Hall of Fame voting data\n",
    "* `people`: player information (name, date of birth, and biographical info)\n",
    "* `salaries`: player salary data\n",
    "* `schools`: list of colleges that players attended"
   ]
  },
  {
   "cell_type": "markdown",
   "metadata": {},
   "source": [
    "## Question 1: Queries and Views\n",
    "### Question 1a:\n",
    "Write a query that finds `namefirst`, `namelast`, `playerid` and `yearid` of all people who were successfully inducted into the Hall of Fame. **Note**: Your query should **not** use any sub-queries."
   ]
  },
  {
   "cell_type": "code",
   "execution_count": 34,
   "metadata": {},
   "outputs": [
    {
     "name": "stdout",
     "output_type": "stream",
     "text": [
      " * postgresql://postgres:***@127.0.0.1:5432/baseball\n",
      "   postgresql://postgres:***@127.0.0.1:5432/postgres\n",
      "323 rows affected.\n",
      "Returning data to local variable result_1a\n"
     ]
    }
   ],
   "source": [
    "%%sql result_1a <<\n",
    "SELECT\n",
    "    namefirst,\n",
    "    namelast,\n",
    "    playerid,\n",
    "    yearid\n",
    "FROM\n",
    "    halloffame\n",
    "JOIN\n",
    "    people\n",
    "USING\n",
    "    (playerid)\n",
    "WHERE\n",
    "    halloffame.inducted = 'Y'"
   ]
  },
  {
   "cell_type": "code",
   "execution_count": 36,
   "metadata": {},
   "outputs": [],
   "source": [
    "# Do not delete/edit this cell\n",
    "result_1a.DataFrame().sort_values(['playerid', 'yearid']).to_csv('results/result_1a.csv', index=False)"
   ]
  },
  {
   "cell_type": "code",
   "execution_count": 37,
   "metadata": {
    "deletable": false,
    "editable": false
   },
   "outputs": [
    {
     "data": {
      "text/html": [
       "<p><strong><pre style='display: inline;'>q1a</pre></strong> passed! 🎉</p>"
      ],
      "text/plain": [
       "q1a results: All test cases passed!"
      ]
     },
     "execution_count": 37,
     "metadata": {},
     "output_type": "execute_result"
    }
   ],
   "source": [
    "grader.check(\"q1a\")"
   ]
  },
  {
   "cell_type": "markdown",
   "metadata": {},
   "source": [
    "### Question 1b:\n",
    "In this question, we will compare the query you wrote in `Question 1a` against the provided query in `Question 1bi` by inspecting the query plans (specifically, looking at the execution time, cost, and overall query plan structure). \n",
    "\n",
    "__Note__: To inspect the query plan for a given query, create a variable storing the query as a string and invoke a `psql` shell command to `explain analyze` the query: \n",
    "\n",
    "`your_variable = \"__REPLACE_ME_WITH_QUERY__\"`\n",
    "\n",
    "`!psql -h localhost -d baseball -c \"explain analyze $your_variable\"`\n",
    "\n",
    "See the subsequent cells for an example of how to display the query plan.\n",
    "\n",
    "#### Question 1bi: \n",
    "Inspect the query plan for `provided_query` and the query you wrote in `Question 1a`. Record the execution time and cost for each query."
   ]
  },
  {
   "cell_type": "code",
   "execution_count": 11,
   "metadata": {},
   "outputs": [],
   "source": [
    "%%sql provided_query <<\n",
    "SELECT namefirst, namelast, p.playerid, yearid\n",
    "FROM people AS p, (SELECT * FROM halloffame WHERE inducted = 'Y') AS hof \n",
    "WHERE p.playerid = hof.playerid;"
   ]
  },
  {
   "cell_type": "code",
   "execution_count": 8,
   "metadata": {
    "scrolled": true
   },
   "outputs": [
    {
     "name": "stdout",
     "output_type": "stream",
     "text": [
      "                                                       QUERY PLAN                                                        \r\n",
      "-------------------------------------------------------------------------------------------------------------------------\r\n",
      " Hash Join  (cost=861.83..959.06 rows=323 width=25) (actual time=10.740..11.341 rows=323 loops=1)\r\n",
      "   Hash Cond: ((halloffame.playerid)::text = (p.playerid)::text)\r\n",
      "   ->  Seq Scan on halloffame  (cost=0.00..96.39 rows=323 width=13) (actual time=0.006..0.514 rows=323 loops=1)\r\n",
      "         Filter: ((inducted)::text = 'Y'::text)\r\n",
      "         Rows Removed by Filter: 3868\r\n",
      "   ->  Hash  (cost=619.70..619.70 rows=19370 width=21) (actual time=10.537..10.538 rows=19370 loops=1)\r\n",
      "         Buckets: 32768  Batches: 1  Memory Usage: 1293kB\r\n",
      "         ->  Seq Scan on people p  (cost=0.00..619.70 rows=19370 width=21) (actual time=0.007..5.031 rows=19370 loops=1)\r\n",
      " Planning Time: 0.749 ms\r\n",
      " Execution Time: 11.415 ms\r\n",
      "(10 rows)\r\n",
      "\r\n"
     ]
    }
   ],
   "source": [
    "provided_query_str = \"SELECT namefirst, namelast, p.playerid, yearid FROM people AS p, (SELECT * FROM halloffame WHERE inducted = 'Y') AS hof WHERE hof.inducted = 'Y' AND p.playerid = hof.playerid;\"\n",
    "!psql $POSTGRES_URI/baseball -c \"explain analyze $provided_query_str\""
   ]
  },
  {
   "cell_type": "code",
   "execution_count": 9,
   "metadata": {},
   "outputs": [
    {
     "name": "stdout",
     "output_type": "stream",
     "text": [
      "                                                      QUERY PLAN                                                       \r\n",
      "-----------------------------------------------------------------------------------------------------------------------\r\n",
      " Hash Join  (cost=861.83..959.06 rows=323 width=25) (actual time=13.508..14.192 rows=323 loops=1)\r\n",
      "   Hash Cond: ((halloffame.playerid)::text = (people.playerid)::text)\r\n",
      "   ->  Seq Scan on halloffame  (cost=0.00..96.39 rows=323 width=13) (actual time=0.009..0.582 rows=323 loops=1)\r\n",
      "         Filter: ((inducted)::text = 'Y'::text)\r\n",
      "         Rows Removed by Filter: 3868\r\n",
      "   ->  Hash  (cost=619.70..619.70 rows=19370 width=21) (actual time=13.271..13.272 rows=19370 loops=1)\r\n",
      "         Buckets: 32768  Batches: 1  Memory Usage: 1293kB\r\n",
      "         ->  Seq Scan on people  (cost=0.00..619.70 rows=19370 width=21) (actual time=0.004..6.437 rows=19370 loops=1)\r\n",
      " Planning Time: 0.757 ms\r\n",
      " Execution Time: 14.279 ms\r\n",
      "(10 rows)\r\n",
      "\r\n"
     ]
    }
   ],
   "source": [
    "inducted_hof_query_str = \"\"\"\n",
    "SELECT\n",
    "    namefirst,\n",
    "    namelast,\n",
    "    playerid,\n",
    "    yearid\n",
    "FROM\n",
    "    halloffame\n",
    "JOIN\n",
    "    people\n",
    "USING\n",
    "    (playerid)\n",
    "WHERE\n",
    "    halloffame.inducted = 'Y'\n",
    "\"\"\"\n",
    "!psql $POSTGRES_URI/baseball -c \"explain analyze $inducted_hof_query_str\""
   ]
  },
  {
   "cell_type": "code",
   "execution_count": 10,
   "metadata": {},
   "outputs": [],
   "source": [
    "provided_query_cost = 959.06\n",
    "provided_query_timing = 11.415\n",
    "your_query_cost = 959.06\n",
    "your_query_timing = 14.279"
   ]
  },
  {
   "cell_type": "code",
   "execution_count": 11,
   "metadata": {
    "deletable": false,
    "editable": false
   },
   "outputs": [
    {
     "data": {
      "text/html": [
       "<p><strong><pre style='display: inline;'>q1bi</pre></strong> passed! 🙌</p>"
      ],
      "text/plain": [
       "q1bi results: All test cases passed!"
      ]
     },
     "execution_count": 11,
     "metadata": {},
     "output_type": "execute_result"
    }
   ],
   "source": [
    "grader.check(\"q1bi\")"
   ]
  },
  {
   "cell_type": "markdown",
   "metadata": {
    "deletable": false,
    "editable": false
   },
   "source": [
    "#### Question 1bii:\n",
    "Given your findings from inspecting the query plans of the two queries, answer the following question. Assign the variable `q1b_part2` to a list of answer choices which are true statements.\n",
    "\n",
    "1. Consider the following statements:\n",
    "    1. Both the queries have the same cost.\n",
    "    1. The provided query has a faster execution time because it makes use of a subquery.\n",
    "    1. The query you wrote has a faster execution time because it does not make use a subquery.\n",
    "    1. The provided query has less cost because it makes use of a subquery.\n",
    "    1. The query you wrote has less cost because it does not make use a subquery.\n",
    "    1. The queries have the same output.\n",
    "    1. The queries do not have the same output.\n",
    "    \n",
    "**Note:** Your answer should look like `q1b_part2 = ['A', 'B']`\n",
    "\n",
    "<!--\n",
    "BEGIN QUESTION\n",
    "name: q1bii\n",
    "points: 2\n",
    "-->"
   ]
  },
  {
   "cell_type": "code",
   "execution_count": 12,
   "metadata": {},
   "outputs": [],
   "source": [
    "q1b_part2 = ['A', 'F']"
   ]
  },
  {
   "cell_type": "code",
   "execution_count": 13,
   "metadata": {
    "deletable": false,
    "editable": false
   },
   "outputs": [
    {
     "data": {
      "text/html": [
       "<p><strong><pre style='display: inline;'>q1bii</pre></strong> passed! 🎉</p>"
      ],
      "text/plain": [
       "q1bii results: All test cases passed!"
      ]
     },
     "execution_count": 13,
     "metadata": {},
     "output_type": "execute_result"
    }
   ],
   "source": [
    "grader.check(\"q1bii\")"
   ]
  },
  {
   "cell_type": "markdown",
   "metadata": {},
   "source": [
    "### Question 1c:\n",
    "Write a query that creates a view named `inducted_hof_ca` of the people who were successfully inducted into the Hall of Fame and played in college at a school located in California. For each player, return their `namefirst`, `namelast`, `playerid`, `schoolid`, and `yearid` ordered by the `yearid` and then the `playerid`. \n",
    "\n",
    "**Note**: For this query, `yearid` refers to player's year of induction into the Hall of Fame."
   ]
  },
  {
   "cell_type": "code",
   "execution_count": 18,
   "metadata": {},
   "outputs": [
    {
     "name": "stdout",
     "output_type": "stream",
     "text": [
      " * postgresql://postgres:***@127.0.0.1:5432/baseball\n",
      "   postgresql://postgres:***@127.0.0.1:5432/postgres\n",
      "Done.\n",
      "Done.\n",
      "23 rows affected.\n",
      "Returning data to local variable result_1c\n"
     ]
    }
   ],
   "source": [
    "%%sql result_1c <<\n",
    "DROP VIEW IF EXISTS inducted_hof_ca;\n",
    "CREATE VIEW inducted_hof_ca AS\n",
    "    SELECT\n",
    "        namefirst, namelast, playerid, schools.schoolid, collegeplaying.yearid\n",
    "    FROM\n",
    "        halloffame\n",
    "    JOIN\n",
    "        people USING(playerid)\n",
    "    JOIN\n",
    "        collegeplaying USING(playerid)\n",
    "    JOIN\n",
    "        schools ON collegeplaying.schoolid = schools.schoolid\n",
    "    WHERE\n",
    "        halloffame.inducted = 'Y' AND\n",
    "        schools.schoolstate = 'CA'\n",
    "    ORDER BY\n",
    "        yearid, playerid\n",
    ";\n",
    "SELECT * FROM inducted_hof_ca;"
   ]
  },
  {
   "cell_type": "code",
   "execution_count": 19,
   "metadata": {},
   "outputs": [],
   "source": [
    "# Do not delete/edit this cell\n",
    "result_1c.DataFrame().sort_values(['playerid', 'schoolid', 'yearid']).to_csv('results/result_1c.csv', index=False)"
   ]
  },
  {
   "cell_type": "code",
   "execution_count": 20,
   "metadata": {
    "deletable": false,
    "editable": false
   },
   "outputs": [
    {
     "data": {
      "text/html": [
       "<p><strong><pre style='display: inline;'>q1c</pre></strong> passed! ✨</p>"
      ],
      "text/plain": [
       "q1c results: All test cases passed!"
      ]
     },
     "execution_count": 20,
     "metadata": {},
     "output_type": "execute_result"
    }
   ],
   "source": [
    "grader.check(\"q1c\")"
   ]
  },
  {
   "cell_type": "markdown",
   "metadata": {},
   "source": [
    "### Question 1d:\n",
    "For this question, we want to compute the count of players who were inducted into the Hall of Fame and played baseball at a college in California for each `schoolid` and `yearid` combination ordered by ascending `yearid`.\n",
    "\n",
    "#### Question 1di:\n",
    "Write two queries that accomplish this task -- one query using the view you created in the `Question 1c` and one query that does not use the view, common table expressions (CTEs), or any sub-queries."
   ]
  },
  {
   "cell_type": "code",
   "execution_count": 41,
   "metadata": {},
   "outputs": [
    {
     "name": "stdout",
     "output_type": "stream",
     "text": [
      " * postgresql://postgres:***@127.0.0.1:5432/baseball\n",
      "   postgresql://postgres:***@127.0.0.1:5432/postgres\n",
      "13 rows affected.\n",
      "Returning data to local variable with_view\n"
     ]
    }
   ],
   "source": [
    "%%sql with_view <<\n",
    "SELECT DISTINCT ON\n",
    "    (playerid, schoolid) schoolid,\n",
    "    yearid,\n",
    "    COUNT(1)\n",
    "FROM inducted_hof_ca\n",
    "GROUP BY playerid, schoolid, yearid\n",
    ";"
   ]
  },
  {
   "cell_type": "code",
   "execution_count": 39,
   "metadata": {},
   "outputs": [
    {
     "name": "stdout",
     "output_type": "stream",
     "text": [
      " * postgresql://postgres:***@127.0.0.1:5432/baseball\n",
      "   postgresql://postgres:***@127.0.0.1:5432/postgres\n",
      "13 rows affected.\n",
      "Returning data to local variable without_view\n"
     ]
    }
   ],
   "source": [
    "%%sql without_view <<\n",
    "SELECT DISTINCT ON\n",
    "    (collegeplaying.playerid, schools.schoolid) schools.schoolid,\n",
    "    collegeplaying.yearid,\n",
    "    COUNT(1)\n",
    "FROM halloffame\n",
    "JOIN people USING(playerid)\n",
    "JOIN collegeplaying USING(playerid)\n",
    "JOIN schools ON collegeplaying.schoolid = schools.schoolid\n",
    "WHERE halloffame.inducted = 'Y' AND schools.schoolstate = 'CA'\n",
    "GROUP BY collegeplaying.playerid, schools.schoolid, collegeplaying.yearid\n",
    ";"
   ]
  },
  {
   "cell_type": "code",
   "execution_count": 42,
   "metadata": {},
   "outputs": [],
   "source": [
    "# Do not delete/edit this cell\n",
    "with_view.DataFrame().sort_values(['schoolid', 'yearid']).to_csv('results/result_1di_view.csv', index=False)\n",
    "without_view.DataFrame().sort_values(['schoolid', 'yearid']).to_csv('results/result_1di_no_view.csv', index=False)"
   ]
  },
  {
   "cell_type": "code",
   "execution_count": 43,
   "metadata": {
    "deletable": false,
    "editable": false
   },
   "outputs": [
    {
     "data": {
      "text/html": [
       "<p><strong><pre style='display: inline;'>q1di</pre></strong> passed! ✨</p>"
      ],
      "text/plain": [
       "q1di results: All test cases passed!"
      ]
     },
     "execution_count": 43,
     "metadata": {},
     "output_type": "execute_result"
    }
   ],
   "source": [
    "grader.check(\"q1di\")"
   ]
  },
  {
   "cell_type": "markdown",
   "metadata": {},
   "source": [
    "#### Question 1dii:\n",
    "Fill in your queries from `Question 1di` and inspect the query plans for the two queries. Record the execution time and cost for each query."
   ]
  },
  {
   "cell_type": "code",
   "execution_count": 44,
   "metadata": {},
   "outputs": [
    {
     "name": "stdout",
     "output_type": "stream",
     "text": [
      "                                                                               QUERY PLAN                                                                                \r\n",
      "-------------------------------------------------------------------------------------------------------------------------------------------------------------------------\r\n",
      " Unique  (cost=525.47..528.11 rows=96 width=29) (actual time=11.200..11.222 rows=13 loops=1)\r\n",
      "   ->  GroupAggregate  (cost=525.47..527.63 rows=96 width=29) (actual time=11.199..11.213 rows=23 loops=1)\r\n",
      "         Group Key: inducted_hof_ca.playerid, inducted_hof_ca.schoolid, inducted_hof_ca.yearid\r\n",
      "         ->  Sort  (cost=525.47..525.71 rows=96 width=21) (actual time=11.194..11.197 rows=23 loops=1)\r\n",
      "               Sort Key: inducted_hof_ca.playerid, inducted_hof_ca.schoolid, inducted_hof_ca.yearid\r\n",
      "               Sort Method: quicksort  Memory: 26kB\r\n",
      "               ->  Subquery Scan on inducted_hof_ca  (cost=521.11..522.31 rows=96 width=21) (actual time=11.141..11.148 rows=23 loops=1)\r\n",
      "                     ->  Sort  (cost=521.11..521.35 rows=96 width=257) (actual time=11.140..11.144 rows=23 loops=1)\r\n",
      "                           Sort Key: collegeplaying.yearid, halloffame.playerid\r\n",
      "                           Sort Method: quicksort  Memory: 26kB\r\n",
      "                           ->  Nested Loop  (cost=386.71..517.95 rows=96 width=257) (actual time=10.684..11.118 rows=23 loops=1)\r\n",
      "                                 Join Filter: ((halloffame.playerid)::text = (people.playerid)::text)\r\n",
      "                                 ->  Hash Join  (cost=386.42..485.79 rows=96 width=30) (actual time=10.656..10.986 rows=23 loops=1)\r\n",
      "                                       Hash Cond: ((halloffame.playerid)::text = (collegeplaying.playerid)::text)\r\n",
      "                                       ->  Seq Scan on halloffame  (cost=0.00..96.39 rows=323 width=9) (actual time=0.006..0.686 rows=323 loops=1)\r\n",
      "                                             Filter: ((inducted)::text = 'Y'::text)\r\n",
      "                                             Rows Removed by Filter: 3868\r\n",
      "                                       ->  Hash  (cost=361.99..361.99 rows=1955 width=21) (actual time=10.229..10.230 rows=2948 loops=1)\r\n",
      "                                             Buckets: 4096 (originally 2048)  Batches: 1 (originally 1)  Memory Usage: 189kB\r\n",
      "                                             ->  Hash Join  (cost=29.79..361.99 rows=1955 width=21) (actual time=0.472..8.892 rows=2948 loops=1)\r\n",
      "                                                   Hash Cond: ((collegeplaying.schoolid)::text = (schools.schoolid)::text)\r\n",
      "                                                   ->  Seq Scan on collegeplaying  (cost=0.00..286.50 rows=17350 width=21) (actual time=0.005..2.723 rows=17350 loops=1)\r\n",
      "                                                   ->  Hash  (cost=28.09..28.09 rows=136 width=8) (actual time=0.443..0.443 rows=136 loops=1)\r\n",
      "                                                         Buckets: 1024  Batches: 1  Memory Usage: 14kB\r\n",
      "                                                         ->  Seq Scan on schools  (cost=0.00..28.09 rows=136 width=8) (actual time=0.024..0.391 rows=136 loops=1)\r\n",
      "                                                               Filter: ((schoolstate)::text = 'CA'::text)\r\n",
      "                                                               Rows Removed by Filter: 1071\r\n",
      "                                 ->  Index Only Scan using master_pkey on people  (cost=0.29..0.32 rows=1 width=9) (actual time=0.005..0.005 rows=1 loops=23)\r\n",
      "                                       Index Cond: (playerid = (collegeplaying.playerid)::text)\r\n",
      "                                       Heap Fetches: 0\r\n",
      " Planning Time: 3.873 ms\r\n",
      " Execution Time: 11.403 ms\r\n",
      "(32 rows)\r\n",
      "\r\n"
     ]
    }
   ],
   "source": [
    "with_view_query_str = \"\"\"\n",
    "SELECT DISTINCT ON\n",
    "    (playerid, schoolid) schoolid,\n",
    "    yearid,\n",
    "    COUNT(1)\n",
    "FROM inducted_hof_ca\n",
    "GROUP BY playerid, schoolid, yearid\n",
    "\"\"\"\n",
    "!psql $POSTGRES_URI/baseball -c \"explain analyze $with_view_query_str\""
   ]
  },
  {
   "cell_type": "code",
   "execution_count": 45,
   "metadata": {},
   "outputs": [
    {
     "name": "stdout",
     "output_type": "stream",
     "text": [
      "                                                                         QUERY PLAN                                                                          \r\n",
      "-------------------------------------------------------------------------------------------------------------------------------------------------------------\r\n",
      " Unique  (cost=521.11..523.75 rows=96 width=29) (actual time=12.201..12.222 rows=13 loops=1)\r\n",
      "   ->  GroupAggregate  (cost=521.11..523.27 rows=96 width=29) (actual time=12.200..12.215 rows=23 loops=1)\r\n",
      "         Group Key: collegeplaying.playerid, schools.schoolid, collegeplaying.yearid\r\n",
      "         ->  Sort  (cost=521.11..521.35 rows=96 width=21) (actual time=12.193..12.197 rows=23 loops=1)\r\n",
      "               Sort Key: collegeplaying.playerid, schools.schoolid, collegeplaying.yearid\r\n",
      "               Sort Method: quicksort  Memory: 26kB\r\n",
      "               ->  Nested Loop  (cost=386.71..517.95 rows=96 width=21) (actual time=11.652..12.130 rows=23 loops=1)\r\n",
      "                     Join Filter: ((halloffame.playerid)::text = (people.playerid)::text)\r\n",
      "                     ->  Hash Join  (cost=386.42..485.79 rows=96 width=30) (actual time=11.615..11.981 rows=23 loops=1)\r\n",
      "                           Hash Cond: ((halloffame.playerid)::text = (collegeplaying.playerid)::text)\r\n",
      "                           ->  Seq Scan on halloffame  (cost=0.00..96.39 rows=323 width=9) (actual time=0.010..0.943 rows=323 loops=1)\r\n",
      "                                 Filter: ((inducted)::text = 'Y'::text)\r\n",
      "                                 Rows Removed by Filter: 3868\r\n",
      "                           ->  Hash  (cost=361.99..361.99 rows=1955 width=21) (actual time=10.957..10.958 rows=2948 loops=1)\r\n",
      "                                 Buckets: 4096 (originally 2048)  Batches: 1 (originally 1)  Memory Usage: 189kB\r\n",
      "                                 ->  Hash Join  (cost=29.79..361.99 rows=1955 width=21) (actual time=0.431..9.487 rows=2948 loops=1)\r\n",
      "                                       Hash Cond: ((collegeplaying.schoolid)::text = (schools.schoolid)::text)\r\n",
      "                                       ->  Seq Scan on collegeplaying  (cost=0.00..286.50 rows=17350 width=21) (actual time=0.013..2.986 rows=17350 loops=1)\r\n",
      "                                       ->  Hash  (cost=28.09..28.09 rows=136 width=8) (actual time=0.383..0.384 rows=136 loops=1)\r\n",
      "                                             Buckets: 1024  Batches: 1  Memory Usage: 14kB\r\n",
      "                                             ->  Seq Scan on schools  (cost=0.00..28.09 rows=136 width=8) (actual time=0.023..0.328 rows=136 loops=1)\r\n",
      "                                                   Filter: ((schoolstate)::text = 'CA'::text)\r\n",
      "                                                   Rows Removed by Filter: 1071\r\n",
      "                     ->  Index Only Scan using master_pkey on people  (cost=0.29..0.32 rows=1 width=9) (actual time=0.006..0.006 rows=1 loops=23)\r\n",
      "                           Index Cond: (playerid = (collegeplaying.playerid)::text)\r\n",
      "                           Heap Fetches: 0\r\n",
      " Planning Time: 4.296 ms\r\n",
      " Execution Time: 12.430 ms\r\n",
      "(28 rows)\r\n",
      "\r\n"
     ]
    }
   ],
   "source": [
    "without_view_query_str = \"\"\"\n",
    "SELECT DISTINCT ON\n",
    "    (collegeplaying.playerid, schools.schoolid) schools.schoolid,\n",
    "    collegeplaying.yearid,\n",
    "    COUNT(1)\n",
    "FROM halloffame\n",
    "JOIN people USING(playerid)\n",
    "JOIN collegeplaying USING(playerid)\n",
    "JOIN schools ON collegeplaying.schoolid = schools.schoolid\n",
    "WHERE halloffame.inducted = 'Y' AND schools.schoolstate = 'CA'\n",
    "GROUP BY collegeplaying.playerid, schools.schoolid, collegeplaying.yearid\n",
    "\"\"\"\n",
    "!psql $POSTGRES_URI/baseball -c\"explain analyze $without_view_query_str\""
   ]
  },
  {
   "cell_type": "code",
   "execution_count": 46,
   "metadata": {},
   "outputs": [],
   "source": [
    "with_view_cost = 528.11\n",
    "with_view_timing = 11.222\n",
    "without_view_cost = 523.75\n",
    "without_view_timing = 12.222"
   ]
  },
  {
   "cell_type": "code",
   "execution_count": 47,
   "metadata": {
    "deletable": false,
    "editable": false
   },
   "outputs": [
    {
     "data": {
      "text/html": [
       "<p><strong><pre style='display: inline;'>q1dii</pre></strong> passed! 💯</p>"
      ],
      "text/plain": [
       "q1dii results: All test cases passed!"
      ]
     },
     "execution_count": 47,
     "metadata": {},
     "output_type": "execute_result"
    }
   ],
   "source": [
    "grader.check(\"q1dii\")"
   ]
  },
  {
   "cell_type": "markdown",
   "metadata": {},
   "source": [
    "### Question 1e:\n",
    "#### Question 1ei:\n",
    "Now, let's try creating a materialized view named `inducted_hof_ca_mat` instead of the regular view from `Question 1c`."
   ]
  },
  {
   "cell_type": "code",
   "execution_count": 48,
   "metadata": {},
   "outputs": [
    {
     "name": "stdout",
     "output_type": "stream",
     "text": [
      " * postgresql://postgres:***@127.0.0.1:5432/baseball\n",
      "   postgresql://postgres:***@127.0.0.1:5432/postgres\n",
      "Done.\n",
      "23 rows affected.\n",
      "23 rows affected.\n",
      "Returning data to local variable inducted_hof_ca_materialized\n"
     ]
    }
   ],
   "source": [
    "%%sql inducted_hof_ca_materialized <<\n",
    "DROP MATERIALIZED VIEW IF EXISTS inducted_hof_ca_mat;\n",
    "CREATE MATERIALIZED VIEW inducted_hof_ca_mat AS\n",
    "    SELECT\n",
    "        namefirst, namelast, playerid, schools.schoolid, collegeplaying.yearid\n",
    "    FROM\n",
    "        halloffame\n",
    "    JOIN\n",
    "        people USING(playerid)\n",
    "    JOIN\n",
    "        collegeplaying USING(playerid)\n",
    "    JOIN\n",
    "        schools ON collegeplaying.schoolid = schools.schoolid\n",
    "    WHERE\n",
    "        halloffame.inducted = 'Y' AND\n",
    "        schools.schoolstate = 'CA'\n",
    "    ORDER BY\n",
    "        yearid, playerid\n",
    ";\n",
    "SELECT * FROM inducted_hof_ca_mat;"
   ]
  },
  {
   "cell_type": "code",
   "execution_count": 49,
   "metadata": {},
   "outputs": [],
   "source": [
    "# Do not delete/edit this cell\n",
    "inducted_hof_ca_materialized.DataFrame().sort_values(['playerid', 'schoolid', 'yearid']).to_csv('results/result_1ei.csv', index=False)"
   ]
  },
  {
   "cell_type": "code",
   "execution_count": 50,
   "metadata": {
    "deletable": false,
    "editable": false
   },
   "outputs": [
    {
     "data": {
      "text/html": [
       "<p><strong><pre style='display: inline;'>q1ei</pre></strong> passed! 🚀</p>"
      ],
      "text/plain": [
       "q1ei results: All test cases passed!"
      ]
     },
     "execution_count": 50,
     "metadata": {},
     "output_type": "execute_result"
    }
   ],
   "source": [
    "grader.check(\"q1ei\")"
   ]
  },
  {
   "cell_type": "markdown",
   "metadata": {},
   "source": [
    "#### Question 1eii:\n",
    "\n",
    "Now, rewrite the query from `Question 1d` to use the materialized view `inducted_hof_ca_mat`."
   ]
  },
  {
   "cell_type": "code",
   "execution_count": 51,
   "metadata": {},
   "outputs": [
    {
     "name": "stdout",
     "output_type": "stream",
     "text": [
      " * postgresql://postgres:***@127.0.0.1:5432/baseball\n",
      "   postgresql://postgres:***@127.0.0.1:5432/postgres\n",
      "13 rows affected.\n",
      "Returning data to local variable with_materialized_view\n"
     ]
    }
   ],
   "source": [
    "%%sql with_materialized_view <<\n",
    "SELECT DISTINCT ON\n",
    "    (playerid, schoolid) schoolid,\n",
    "    yearid,\n",
    "    COUNT(1)\n",
    "FROM inducted_hof_ca_mat\n",
    "GROUP BY playerid, schoolid, yearid"
   ]
  },
  {
   "cell_type": "code",
   "execution_count": 52,
   "metadata": {},
   "outputs": [],
   "source": [
    "# Do not delete/edit this cell\n",
    "with_materialized_view.DataFrame().sort_values(['schoolid', 'yearid']).to_csv('results/result_1eii.csv', index=False)"
   ]
  },
  {
   "cell_type": "code",
   "execution_count": 53,
   "metadata": {
    "deletable": false,
    "editable": false
   },
   "outputs": [
    {
     "data": {
      "text/html": [
       "<p><strong><pre style='display: inline;'>q1eii</pre></strong> passed! 🌈</p>"
      ],
      "text/plain": [
       "q1eii results: All test cases passed!"
      ]
     },
     "execution_count": 53,
     "metadata": {},
     "output_type": "execute_result"
    }
   ],
   "source": [
    "grader.check(\"q1eii\")"
   ]
  },
  {
   "cell_type": "markdown",
   "metadata": {},
   "source": [
    "#### Question 1eiii:\n",
    "Inspect the query plan and record the execution time and cost of the query that uses the materialized view."
   ]
  },
  {
   "cell_type": "code",
   "execution_count": 55,
   "metadata": {},
   "outputs": [
    {
     "name": "stdout",
     "output_type": "stream",
     "text": [
      "                                                             QUERY PLAN                                                             \r\n",
      "------------------------------------------------------------------------------------------------------------------------------------\r\n",
      " Unique  (cost=24.24..25.74 rows=200 width=98) (actual time=0.162..0.178 rows=13 loops=1)\r\n",
      "   ->  Sort  (cost=24.24..24.74 rows=200 width=98) (actual time=0.161..0.165 rows=23 loops=1)\r\n",
      "         Sort Key: playerid, schoolid\r\n",
      "         Sort Method: quicksort  Memory: 26kB\r\n",
      "         ->  HashAggregate  (cost=14.60..16.60 rows=200 width=98) (actual time=0.043..0.055 rows=23 loops=1)\r\n",
      "               Group Key: playerid, schoolid, yearid\r\n",
      "               Batches: 1  Memory Usage: 40kB\r\n",
      "               ->  Seq Scan on inducted_hof_ca_mat  (cost=0.00..12.30 rows=230 width=90) (actual time=0.012..0.017 rows=23 loops=1)\r\n",
      " Planning Time: 0.344 ms\r\n",
      " Execution Time: 0.291 ms\r\n",
      "(10 rows)\r\n",
      "\r\n"
     ]
    }
   ],
   "source": [
    "with_materialized_view_query_str = \"\"\"\n",
    "SELECT DISTINCT ON\n",
    "    (playerid, schoolid) schoolid,\n",
    "    yearid,\n",
    "    COUNT(1)\n",
    "FROM inducted_hof_ca_mat\n",
    "GROUP BY playerid, schoolid, yearid\n",
    "\"\"\"\n",
    "!psql $POSTGRES_URI/baseball -c \"explain analyze $with_materialized_view_query_str\""
   ]
  },
  {
   "cell_type": "code",
   "execution_count": 56,
   "metadata": {},
   "outputs": [],
   "source": [
    "with_materialized_view_cost = 25.74\n",
    "with_materialized_view_timing = 0.178"
   ]
  },
  {
   "cell_type": "code",
   "execution_count": 57,
   "metadata": {
    "deletable": false,
    "editable": false
   },
   "outputs": [
    {
     "data": {
      "text/html": [
       "<p><strong><pre style='display: inline;'>q1eiii</pre></strong> passed! 🙌</p>"
      ],
      "text/plain": [
       "q1eiii results: All test cases passed!"
      ]
     },
     "execution_count": 57,
     "metadata": {},
     "output_type": "execute_result"
    }
   ],
   "source": [
    "grader.check(\"q1eiii\")"
   ]
  },
  {
   "cell_type": "markdown",
   "metadata": {
    "deletable": false,
    "editable": false
   },
   "source": [
    "#### Question 1eiv:\n",
    "Given your findings from inspecting the query plans of queries using a view, no view, and a materialized view, answer the following question. Assign the variable `q1e_part4` to a list of all statements which are true.\n",
    "\n",
    "1. Consider the following statements:\n",
    "    1. Views will reduce the execution time and the cost of a query.\n",
    "    1. Views will reduce the execution time of a query, but not the cost.\n",
    "    1. Views will reduce the cost of a query, but not the execution time.\n",
    "    1. Materialized views reduce the execution time and the cost of a query.\n",
    "    1. Materialized views reduce the execution time, but not cost of a query.\n",
    "    1. Materialized views reduce the cost of a query, but not the execution time.\n",
    "    1. Materialized views will result in the same query plan as a query using views.\n",
    "    1. Materialized views and views take the same time to create.\n",
    "    1. Materialized views take less time to create than a view.\n",
    "    1. Materialized views take more time to create than a view.\n",
    "    \n",
    "*Note:* Your answer should look like `q1e_part4 = ['A', 'B']`\n",
    "\n",
    "<!--\n",
    "BEGIN QUESTION\n",
    "name: q1eiv\n",
    "points: 2\n",
    "-->"
   ]
  },
  {
   "cell_type": "code",
   "execution_count": 58,
   "metadata": {},
   "outputs": [],
   "source": [
    "q1e_part4 = ['B', 'D', 'H']"
   ]
  },
  {
   "cell_type": "code",
   "execution_count": 59,
   "metadata": {
    "deletable": false,
    "editable": false
   },
   "outputs": [
    {
     "data": {
      "text/html": [
       "<p><strong><pre style='display: inline;'>q1eiv</pre></strong> passed! 💯</p>"
      ],
      "text/plain": [
       "q1eiv results: All test cases passed!"
      ]
     },
     "execution_count": 59,
     "metadata": {},
     "output_type": "execute_result"
    }
   ],
   "source": [
    "grader.check(\"q1eiv\")"
   ]
  },
  {
   "cell_type": "markdown",
   "metadata": {
    "deletable": false,
    "editable": false
   },
   "source": [
    "<!-- BEGIN QUESTION -->\n",
    "\n",
    "#### Question 1ev:\n",
    "\n",
    "Explain your answer to the previous part based on your findings and details from the query plans (your explanation should include why you didn't choose certain options).\n",
    "\n",
    "<!--\n",
    "BEGIN QUESTION\n",
    "name: q1ev\n",
    "manual: true\n",
    "points: 2\n",
    "-->"
   ]
  },
  {
   "cell_type": "markdown",
   "metadata": {},
   "source": [
    "_Type your answer here, replacing this text._"
   ]
  },
  {
   "cell_type": "markdown",
   "metadata": {},
   "source": [
    "<!-- END QUESTION -->\n",
    "\n",
    "\n",
    "\n",
    "## Question 2: Predicate Pushdown\n",
    "In this question, we will explore the impact of predicates on a query's execution, particularly inspecting when the optimizer applies predicates.\n",
    "\n",
    "### Question 2a:\n",
    "Recall the `inducted_hof_ca` created in `Question 1c`. Inspect the query plan for a query that that gets all rows from the view, and record the execution time and cost."
   ]
  },
  {
   "cell_type": "code",
   "execution_count": 60,
   "metadata": {},
   "outputs": [
    {
     "name": "stdout",
     "output_type": "stream",
     "text": [
      "                                                                   QUERY PLAN                                                                    \r\n",
      "-------------------------------------------------------------------------------------------------------------------------------------------------\r\n",
      " Sort  (cost=530.54..530.78 rows=96 width=33) (actual time=5.900..5.903 rows=23 loops=1)\r\n",
      "   Sort Key: collegeplaying.yearid, halloffame.playerid\r\n",
      "   Sort Method: quicksort  Memory: 26kB\r\n",
      "   ->  Nested Loop  (cost=386.71..527.38 rows=96 width=33) (actual time=5.414..5.861 rows=23 loops=1)\r\n",
      "         Join Filter: ((halloffame.playerid)::text = (people.playerid)::text)\r\n",
      "         ->  Hash Join  (cost=386.42..485.79 rows=96 width=30) (actual time=5.380..5.684 rows=23 loops=1)\r\n",
      "               Hash Cond: ((halloffame.playerid)::text = (collegeplaying.playerid)::text)\r\n",
      "               ->  Seq Scan on halloffame  (cost=0.00..96.39 rows=323 width=9) (actual time=0.009..0.507 rows=323 loops=1)\r\n",
      "                     Filter: ((inducted)::text = 'Y'::text)\r\n",
      "                     Rows Removed by Filter: 3868\r\n",
      "               ->  Hash  (cost=361.99..361.99 rows=1955 width=21) (actual time=5.111..5.112 rows=2948 loops=1)\r\n",
      "                     Buckets: 4096 (originally 2048)  Batches: 1 (originally 1)  Memory Usage: 189kB\r\n",
      "                     ->  Hash Join  (cost=29.79..361.99 rows=1955 width=21) (actual time=0.208..4.263 rows=2948 loops=1)\r\n",
      "                           Hash Cond: ((collegeplaying.schoolid)::text = (schools.schoolid)::text)\r\n",
      "                           ->  Seq Scan on collegeplaying  (cost=0.00..286.50 rows=17350 width=21) (actual time=0.004..1.395 rows=17350 loops=1)\r\n",
      "                           ->  Hash  (cost=28.09..28.09 rows=136 width=8) (actual time=0.187..0.187 rows=136 loops=1)\r\n",
      "                                 Buckets: 1024  Batches: 1  Memory Usage: 14kB\r\n",
      "                                 ->  Seq Scan on schools  (cost=0.00..28.09 rows=136 width=8) (actual time=0.011..0.149 rows=136 loops=1)\r\n",
      "                                       Filter: ((schoolstate)::text = 'CA'::text)\r\n",
      "                                       Rows Removed by Filter: 1071\r\n",
      "         ->  Index Scan using master_pkey on people  (cost=0.29..0.42 rows=1 width=21) (actual time=0.007..0.007 rows=1 loops=23)\r\n",
      "               Index Cond: ((playerid)::text = (collegeplaying.playerid)::text)\r\n",
      " Planning Time: 2.789 ms\r\n",
      " Execution Time: 6.029 ms\r\n",
      "(24 rows)\r\n",
      "\r\n"
     ]
    }
   ],
   "source": [
    "query_view_str = \"\"\"\n",
    "SELECT * FROM inducted_hof_ca\n",
    "\"\"\"\n",
    "!psql $POSTGRES_URI/baseball -c \"explain analyze $query_view_str\""
   ]
  },
  {
   "cell_type": "code",
   "execution_count": 61,
   "metadata": {},
   "outputs": [],
   "source": [
    "query_view_cost = 530.78\n",
    "query_view_timing = 5.903"
   ]
  },
  {
   "cell_type": "code",
   "execution_count": 62,
   "metadata": {
    "deletable": false,
    "editable": false
   },
   "outputs": [
    {
     "data": {
      "text/html": [
       "<p><strong><pre style='display: inline;'>q2a</pre></strong> passed! 💯</p>"
      ],
      "text/plain": [
       "q2a results: All test cases passed!"
      ]
     },
     "execution_count": 62,
     "metadata": {},
     "output_type": "execute_result"
    }
   ],
   "source": [
    "grader.check(\"q2a\")"
   ]
  },
  {
   "cell_type": "markdown",
   "metadata": {},
   "source": [
    "### Question 2b:\n",
    "Now, add a filter to only return rows from `inducted_hof_ca` where the year is later than 2010. Inspect the query plan and record the execution time and cost."
   ]
  },
  {
   "cell_type": "code",
   "execution_count": 63,
   "metadata": {},
   "outputs": [
    {
     "name": "stdout",
     "output_type": "stream",
     "text": [
      " * postgresql://postgres:***@127.0.0.1:5432/baseball\n",
      "   postgresql://postgres:***@127.0.0.1:5432/postgres\n",
      "0 rows affected.\n",
      "Returning data to local variable result_2b\n"
     ]
    }
   ],
   "source": [
    "%%sql result_2b <<\n",
    "SELECT *\n",
    "FROM inducted_hof_ca\n",
    "WHERE yearid > 2010"
   ]
  },
  {
   "cell_type": "code",
   "execution_count": 64,
   "metadata": {
    "scrolled": false
   },
   "outputs": [
    {
     "name": "stdout",
     "output_type": "stream",
     "text": [
      "                                                                  QUERY PLAN                                                                  \r\n",
      "----------------------------------------------------------------------------------------------------------------------------------------------\r\n",
      " Sort  (cost=396.86..396.86 rows=1 width=33) (actual time=4.281..4.284 rows=0 loops=1)\r\n",
      "   Sort Key: collegeplaying.yearid, halloffame.playerid\r\n",
      "   Sort Method: quicksort  Memory: 25kB\r\n",
      "   ->  Nested Loop  (cost=30.36..396.85 rows=1 width=33) (actual time=4.239..4.242 rows=0 loops=1)\r\n",
      "         ->  Nested Loop  (cost=30.07..392.69 rows=1 width=30) (actual time=4.239..4.241 rows=0 loops=1)\r\n",
      "               ->  Hash Join  (cost=29.79..359.78 rows=5 width=21) (actual time=0.752..4.191 rows=5 loops=1)\r\n",
      "                     Hash Cond: ((collegeplaying.schoolid)::text = (schools.schoolid)::text)\r\n",
      "                     ->  Seq Scan on collegeplaying  (cost=0.00..329.88 rows=43 width=21) (actual time=0.048..3.645 rows=54 loops=1)\r\n",
      "                           Filter: (yearid > 2010)\r\n",
      "                           Rows Removed by Filter: 17296\r\n",
      "                     ->  Hash  (cost=28.09..28.09 rows=136 width=8) (actual time=0.499..0.500 rows=136 loops=1)\r\n",
      "                           Buckets: 1024  Batches: 1  Memory Usage: 14kB\r\n",
      "                           ->  Seq Scan on schools  (cost=0.00..28.09 rows=136 width=8) (actual time=0.027..0.438 rows=136 loops=1)\r\n",
      "                                 Filter: ((schoolstate)::text = 'CA'::text)\r\n",
      "                                 Rows Removed by Filter: 1071\r\n",
      "               ->  Index Scan using halloffame_pkey on halloffame  (cost=0.28..6.57 rows=1 width=9) (actual time=0.008..0.008 rows=0 loops=5)\r\n",
      "                     Index Cond: ((playerid)::text = (collegeplaying.playerid)::text)\r\n",
      "                     Filter: ((inducted)::text = 'Y'::text)\r\n",
      "         ->  Index Scan using master_pkey on people  (cost=0.29..4.16 rows=1 width=21) (never executed)\r\n",
      "               Index Cond: ((playerid)::text = (halloffame.playerid)::text)\r\n",
      " Planning Time: 3.523 ms\r\n",
      " Execution Time: 4.433 ms\r\n",
      "(22 rows)\r\n",
      "\r\n"
     ]
    }
   ],
   "source": [
    "query_view_with_filter_str = \"\"\"\n",
    "SELECT *\n",
    "FROM inducted_hof_ca\n",
    "WHERE yearid > 2010\n",
    "\"\"\"\n",
    "!psql $POSTGRES_URI/baseball -c \"explain analyze $query_view_with_filter_str\""
   ]
  },
  {
   "cell_type": "code",
   "execution_count": 65,
   "metadata": {},
   "outputs": [],
   "source": [
    "query_view_with_filter_cost = 396.86\n",
    "query_view_with_filter_timing = 4.284"
   ]
  },
  {
   "cell_type": "code",
   "execution_count": 66,
   "metadata": {
    "deletable": false,
    "editable": false
   },
   "outputs": [
    {
     "data": {
      "text/html": [
       "<p><strong><pre style='display: inline;'>q2b</pre></strong> passed! ✨</p>"
      ],
      "text/plain": [
       "q2b results: All test cases passed!"
      ]
     },
     "execution_count": 66,
     "metadata": {},
     "output_type": "execute_result"
    }
   ],
   "source": [
    "grader.check(\"q2b\")"
   ]
  },
  {
   "cell_type": "markdown",
   "metadata": {
    "deletable": false,
    "editable": false
   },
   "source": [
    "### Question 2c:\n",
    "Given your findings from inspecting the query plans of queries from `Question 2a-b`, answer the following question. Assign the variable `q2c` to a list of all statements which are true.\n",
    "\n",
    "1. Consider the following statements:\n",
    "    1. Adding a filter lowered the cost.\n",
    "    1. Adding a filter increased the cost.\n",
    "    1. Adding a filter did not change the cost.\n",
    "    1. Adding a filter increased the execution time.\n",
    "    1. Adding a filter decreased the execution time.\n",
    "    1. Adding a filter did not change the execution time.\n",
    "    1. No statement is true.\n",
    "    \n",
    "    \n",
    "**Note:** Your answer should look like `q2c = ['A', 'B']`\n",
    "\n",
    "<!--\n",
    "BEGIN QUESTION\n",
    "name: q2c\n",
    "points: 2\n",
    "-->"
   ]
  },
  {
   "cell_type": "code",
   "execution_count": 67,
   "metadata": {},
   "outputs": [],
   "source": [
    "q2c = ['A', 'E']"
   ]
  },
  {
   "cell_type": "code",
   "execution_count": 68,
   "metadata": {
    "deletable": false,
    "editable": false
   },
   "outputs": [
    {
     "data": {
      "text/html": [
       "<p><strong><pre style='display: inline;'>q2c</pre></strong> passed! 🍀</p>"
      ],
      "text/plain": [
       "q2c results: All test cases passed!"
      ]
     },
     "execution_count": 68,
     "metadata": {},
     "output_type": "execute_result"
    }
   ],
   "source": [
    "grader.check(\"q2c\")"
   ]
  },
  {
   "cell_type": "markdown",
   "metadata": {
    "deletable": false,
    "editable": false
   },
   "source": [
    "<!-- BEGIN QUESTION -->\n",
    "\n",
    "#### Question 2d:\n",
    "\n",
    "Explain your answer based on your findings and details from the query plans (your explanation should include why you didn't choose certain options).\n",
    "\n",
    "<!--\n",
    "BEGIN QUESTION\n",
    "name: q2d\n",
    "manual: true\n",
    "points: 2\n",
    "-->"
   ]
  },
  {
   "cell_type": "markdown",
   "metadata": {},
   "source": [
    "_Type your answer here, replacing this text._"
   ]
  },
  {
   "cell_type": "markdown",
   "metadata": {},
   "source": [
    "<!-- END QUESTION -->\n",
    "\n",
    "\n",
    "\n",
    "## Question 3: Joins\n",
    "### Question 3a:\n",
    "Perform a left, right, inner, and full join on the `people` and `collegeplaying` tables on the `playerid` column and inspect their respective query plans (in particular, look at the number of rows resulting from the query)."
   ]
  },
  {
   "cell_type": "code",
   "execution_count": 107,
   "metadata": {},
   "outputs": [
    {
     "name": "stdout",
     "output_type": "stream",
     "text": [
      " * postgresql://postgres:***@127.0.0.1:5432/baseball\n",
      "   postgresql://postgres:***@127.0.0.1:5432/postgres\n",
      "30145 rows affected.\n",
      "Returning data to local variable left_join\n"
     ]
    }
   ],
   "source": [
    "%%sql left_join <<\n",
    "SELECT *\n",
    "FROM people p\n",
    "LEFT JOIN collegeplaying cp\n",
    "USING(playerid)\n",
    ";"
   ]
  },
  {
   "cell_type": "code",
   "execution_count": 108,
   "metadata": {},
   "outputs": [
    {
     "name": "stdout",
     "output_type": "stream",
     "text": [
      "                                                         QUERY PLAN                                                         \r\n",
      "----------------------------------------------------------------------------------------------------------------------------\r\n",
      " Hash Right Join  (cost=861.83..1193.88 rows=19370 width=158) (actual time=10.758..31.285 rows=30145 loops=1)\r\n",
      "   Hash Cond: ((cp.playerid)::text = (p.playerid)::text)\r\n",
      "   ->  Seq Scan on collegeplaying cp  (cost=0.00..286.50 rows=17350 width=21) (actual time=0.018..1.567 rows=17350 loops=1)\r\n",
      "   ->  Hash  (cost=619.70..619.70 rows=19370 width=146) (actual time=10.521..10.522 rows=19370 loops=1)\r\n",
      "         Buckets: 32768  Batches: 1  Memory Usage: 3633kB\r\n",
      "         ->  Seq Scan on people p  (cost=0.00..619.70 rows=19370 width=146) (actual time=0.009..2.264 rows=19370 loops=1)\r\n",
      " Planning Time: 1.183 ms\r\n",
      " Execution Time: 32.567 ms\r\n",
      "(8 rows)\r\n",
      "\r\n"
     ]
    }
   ],
   "source": [
    "left_join_query_str = \"\"\"\n",
    "SELECT *\n",
    "FROM people p\n",
    "LEFT JOIN collegeplaying cp\n",
    "USING(playerid)\n",
    "\"\"\"\n",
    "!psql $POSTGRES_URI/baseball -c \"explain analyze $left_join_query_str\""
   ]
  },
  {
   "cell_type": "code",
   "execution_count": 109,
   "metadata": {},
   "outputs": [
    {
     "name": "stdout",
     "output_type": "stream",
     "text": [
      " * postgresql://postgres:***@127.0.0.1:5432/baseball\n",
      "   postgresql://postgres:***@127.0.0.1:5432/postgres\n",
      "17350 rows affected.\n",
      "Returning data to local variable right_join\n"
     ]
    }
   ],
   "source": [
    "%%sql right_join <<\n",
    "SELECT *\n",
    "FROM people p\n",
    "RIGHT JOIN collegeplaying cp\n",
    "USING(playerid)\n",
    ";"
   ]
  },
  {
   "cell_type": "code",
   "execution_count": 110,
   "metadata": {},
   "outputs": [
    {
     "name": "stdout",
     "output_type": "stream",
     "text": [
      "                                                         QUERY PLAN                                                         \r\n",
      "----------------------------------------------------------------------------------------------------------------------------\r\n",
      " Hash Left Join  (cost=861.83..1193.88 rows=17350 width=158) (actual time=29.138..41.657 rows=17350 loops=1)\r\n",
      "   Hash Cond: ((cp.playerid)::text = (p.playerid)::text)\r\n",
      "   ->  Seq Scan on collegeplaying cp  (cost=0.00..286.50 rows=17350 width=21) (actual time=0.022..1.540 rows=17350 loops=1)\r\n",
      "   ->  Hash  (cost=619.70..619.70 rows=19370 width=146) (actual time=28.836..28.843 rows=19370 loops=1)\r\n",
      "         Buckets: 32768  Batches: 1  Memory Usage: 3596kB\r\n",
      "         ->  Seq Scan on people p  (cost=0.00..619.70 rows=19370 width=146) (actual time=0.017..12.257 rows=19370 loops=1)\r\n",
      " Planning Time: 1.037 ms\r\n",
      " Execution Time: 42.491 ms\r\n",
      "(8 rows)\r\n",
      "\r\n"
     ]
    }
   ],
   "source": [
    "right_join_query_str = \"\"\"\n",
    "SELECT *\n",
    "FROM people p\n",
    "RIGHT JOIN collegeplaying cp\n",
    "USING(playerid)\n",
    "\"\"\"\n",
    "!psql $POSTGRES_URI/baseball -c \"explain analyze $right_join_query_str\""
   ]
  },
  {
   "cell_type": "code",
   "execution_count": 111,
   "metadata": {},
   "outputs": [
    {
     "name": "stdout",
     "output_type": "stream",
     "text": [
      " * postgresql://postgres:***@127.0.0.1:5432/baseball\n",
      "   postgresql://postgres:***@127.0.0.1:5432/postgres\n",
      "17350 rows affected.\n",
      "Returning data to local variable inner_join\n"
     ]
    }
   ],
   "source": [
    "%%sql inner_join <<\n",
    "SELECT *\n",
    "FROM people p\n",
    "JOIN collegeplaying cp\n",
    "USING(playerid)\n",
    ";"
   ]
  },
  {
   "cell_type": "code",
   "execution_count": 112,
   "metadata": {},
   "outputs": [
    {
     "name": "stdout",
     "output_type": "stream",
     "text": [
      "                                                         QUERY PLAN                                                         \r\n",
      "----------------------------------------------------------------------------------------------------------------------------\r\n",
      " Hash Join  (cost=861.83..1193.88 rows=17350 width=158) (actual time=10.092..25.937 rows=17350 loops=1)\r\n",
      "   Hash Cond: ((cp.playerid)::text = (p.playerid)::text)\r\n",
      "   ->  Seq Scan on collegeplaying cp  (cost=0.00..286.50 rows=17350 width=21) (actual time=0.016..1.892 rows=17350 loops=1)\r\n",
      "   ->  Hash  (cost=619.70..619.70 rows=19370 width=146) (actual time=9.856..9.857 rows=19370 loops=1)\r\n",
      "         Buckets: 32768  Batches: 1  Memory Usage: 3633kB\r\n",
      "         ->  Seq Scan on people p  (cost=0.00..619.70 rows=19370 width=146) (actual time=0.008..2.074 rows=19370 loops=1)\r\n",
      " Planning Time: 1.130 ms\r\n",
      " Execution Time: 26.869 ms\r\n",
      "(8 rows)\r\n",
      "\r\n"
     ]
    }
   ],
   "source": [
    "inner_join_query_str = \"\"\"\n",
    "SELECT *\n",
    "FROM people p\n",
    "JOIN collegeplaying cp\n",
    "USING(playerid)\n",
    "\"\"\"\n",
    "!psql $POSTGRES_URI/baseball -c \"explain analyze $inner_join_query_str\""
   ]
  },
  {
   "cell_type": "code",
   "execution_count": 113,
   "metadata": {},
   "outputs": [
    {
     "name": "stdout",
     "output_type": "stream",
     "text": [
      " * postgresql://postgres:***@127.0.0.1:5432/baseball\n",
      "   postgresql://postgres:***@127.0.0.1:5432/postgres\n",
      "30145 rows affected.\n",
      "Returning data to local variable full_join\n"
     ]
    }
   ],
   "source": [
    "%%sql full_join <<\n",
    "SELECT *\n",
    "FROM people p\n",
    "FULL JOIN collegeplaying cp\n",
    "USING(playerid)\n",
    ";"
   ]
  },
  {
   "cell_type": "code",
   "execution_count": 114,
   "metadata": {},
   "outputs": [
    {
     "name": "stdout",
     "output_type": "stream",
     "text": [
      "                                                         QUERY PLAN                                                         \r\n",
      "----------------------------------------------------------------------------------------------------------------------------\r\n",
      " Hash Full Join  (cost=861.83..1193.88 rows=19370 width=187) (actual time=9.380..33.945 rows=30145 loops=1)\r\n",
      "   Hash Cond: ((cp.playerid)::text = (p.playerid)::text)\r\n",
      "   ->  Seq Scan on collegeplaying cp  (cost=0.00..286.50 rows=17350 width=21) (actual time=0.024..2.067 rows=17350 loops=1)\r\n",
      "   ->  Hash  (cost=619.70..619.70 rows=19370 width=146) (actual time=9.066..9.068 rows=19370 loops=1)\r\n",
      "         Buckets: 32768  Batches: 1  Memory Usage: 3633kB\r\n",
      "         ->  Seq Scan on people p  (cost=0.00..619.70 rows=19370 width=146) (actual time=0.015..1.968 rows=19370 loops=1)\r\n",
      " Planning Time: 1.158 ms\r\n",
      " Execution Time: 35.489 ms\r\n",
      "(8 rows)\r\n",
      "\r\n"
     ]
    }
   ],
   "source": [
    "full_join_query_str = \"\"\"\n",
    "SELECT *\n",
    "FROM people p\n",
    "FULL JOIN collegeplaying cp\n",
    "USING(playerid)\n",
    "\"\"\"\n",
    "!psql $POSTGRES_URI/baseball -c \"explain analyze $full_join_query_str\""
   ]
  },
  {
   "cell_type": "code",
   "execution_count": 116,
   "metadata": {},
   "outputs": [],
   "source": [
    "# Do not delete/edit this cell\n",
    "left_join.DataFrame().sort_values(['playerid', 'schoolid', 'yearid']).iloc[:1000].to_csv('results/result_3a_left.csv', index=False)\n",
    "right_join.DataFrame().sort_values(['playerid', 'schoolid', 'yearid']).iloc[:1000].to_csv('results/result_3a_right.csv', index=False)\n",
    "inner_join.DataFrame().sort_values(['playerid', 'schoolid', 'yearid']).iloc[:1000].to_csv('results/result_3a_inner.csv', index=False)\n",
    "full_join.DataFrame().sort_values(['playerid', 'schoolid', 'yearid']).iloc[:1000].to_csv('results/result_3a_full.csv', index=False)"
   ]
  },
  {
   "cell_type": "code",
   "execution_count": 117,
   "metadata": {
    "deletable": false,
    "editable": false
   },
   "outputs": [
    {
     "data": {
      "text/html": [
       "<p><strong><pre style='display: inline;'>q3a</pre></strong> passed! 🌟</p>"
      ],
      "text/plain": [
       "q3a results: All test cases passed!"
      ]
     },
     "execution_count": 117,
     "metadata": {},
     "output_type": "execute_result"
    }
   ],
   "source": [
    "grader.check(\"q3a\")"
   ]
  },
  {
   "cell_type": "markdown",
   "metadata": {
    "deletable": false,
    "editable": false
   },
   "source": [
    "### Question 3b:\n",
    "#### Question 3bi:\n",
    "Given your findings from inspecting the query plan of the different joins, answer the following question. Assign the variable `q3b_part1` to a list of all the options which are true for the proposed statement.\n",
    "\n",
    "1. For the query joining `people` and `collegeplaying` tables on the `playerid`,  the `INNER JOIN` output is the same as:\n",
    "    1. the `LEFT JOIN` output\n",
    "    1. the `RIGHT JOIN` output\n",
    "    1. the `FULL JOIN` output\n",
    "    1. None of the above \n",
    "\n",
    "**Note:** Your answer should be formatted as follows: `q3b_part1 = ['A', 'B']`\n",
    "\n",
    "<!--\n",
    "BEGIN QUESTION\n",
    "name: q3bi\n",
    "points: 1\n",
    "-->"
   ]
  },
  {
   "cell_type": "code",
   "execution_count": 118,
   "metadata": {},
   "outputs": [],
   "source": [
    "q3b_part1 = ['D']"
   ]
  },
  {
   "cell_type": "code",
   "execution_count": 119,
   "metadata": {
    "deletable": false,
    "editable": false
   },
   "outputs": [
    {
     "data": {
      "text/html": [
       "<p><strong><pre style='display: inline;'>q3bi</pre></strong> passed! 🙌</p>"
      ],
      "text/plain": [
       "q3bi results: All test cases passed!"
      ]
     },
     "execution_count": 119,
     "metadata": {},
     "output_type": "execute_result"
    }
   ],
   "source": [
    "grader.check(\"q3bi\")"
   ]
  },
  {
   "cell_type": "markdown",
   "metadata": {
    "deletable": false,
    "editable": false
   },
   "source": [
    "<!-- BEGIN QUESTION -->\n",
    "\n",
    "#### Question 3bii\n",
    "Explain your answer to the previous part. If you did not select answer choice `D`, ensure your explanation discusses if your findings can be generalized for all queries.\n",
    "\n",
    "<!--\n",
    "BEGIN QUESTION\n",
    "name: q3bii\n",
    "manual: true\n",
    "points: 2\n",
    "-->"
   ]
  },
  {
   "cell_type": "markdown",
   "metadata": {},
   "source": [
    "_Type your answer here, replacing this text._"
   ]
  },
  {
   "cell_type": "markdown",
   "metadata": {
    "deletable": false,
    "editable": false
   },
   "source": [
    "<!-- END QUESTION -->\n",
    "\n",
    "#### Question 3ci:\n",
    "Given your findings from inspecting the query plan of the different joins, answer the following question. Assign the variable `q3c_part1` to a list of all options which are true for the proposed statement.\n",
    "\n",
    "1. For the query joining `people` and `collegeplaying` tables on the `playerid`, the `FULL JOIN` output is the same as:\n",
    "    1. the `LEFT JOIN` output\n",
    "    1. the `RIGHT JOIN` output\n",
    "    1. the `INNER JOIN` output\n",
    "    1. None of the above   \n",
    "\n",
    "**Note:** Your answer should be formatted as follows: `q3c_part1 = ['A', 'B']`\n",
    "\n",
    "<!--\n",
    "BEGIN QUESTION\n",
    "name: q3ci\n",
    "points: 1\n",
    "-->"
   ]
  },
  {
   "cell_type": "code",
   "execution_count": 120,
   "metadata": {},
   "outputs": [],
   "source": [
    "q3c_part1 = ['A']"
   ]
  },
  {
   "cell_type": "code",
   "execution_count": 121,
   "metadata": {
    "deletable": false,
    "editable": false
   },
   "outputs": [
    {
     "data": {
      "text/html": [
       "<p><strong><pre style='display: inline;'>q3ci</pre></strong> passed! 🌟</p>"
      ],
      "text/plain": [
       "q3ci results: All test cases passed!"
      ]
     },
     "execution_count": 121,
     "metadata": {},
     "output_type": "execute_result"
    }
   ],
   "source": [
    "grader.check(\"q3ci\")"
   ]
  },
  {
   "cell_type": "markdown",
   "metadata": {
    "deletable": false,
    "editable": false
   },
   "source": [
    "<!-- BEGIN QUESTION -->\n",
    "\n",
    "#### Question 3cii\n",
    "\n",
    "Explain your answer to the previous part. If you did not select answer choice `D`, ensure your explanation discusses if your findings can be generalized for all queries.\n",
    "\n",
    "<!--\n",
    "BEGIN QUESTION\n",
    "name: q3cii\n",
    "manual: true\n",
    "points: 2\n",
    "-->"
   ]
  },
  {
   "cell_type": "markdown",
   "metadata": {},
   "source": [
    "_Type your answer here, replacing this text._"
   ]
  },
  {
   "cell_type": "markdown",
   "metadata": {},
   "source": [
    "<!-- END QUESTION -->\n",
    "\n",
    "\n",
    "\n",
    "### Question 4: Indexes\n",
    "\n",
    "#### Question 4a:\n",
    "Write a query that outputs the `playerid` and average `salary` for each player that only batted in 10 games (the number of games in which a player batted can be found in the `g_batting` column of the `appearances` table). Inspect the query plan and record the execution time and cost."
   ]
  },
  {
   "cell_type": "code",
   "execution_count": 127,
   "metadata": {},
   "outputs": [
    {
     "name": "stdout",
     "output_type": "stream",
     "text": [
      " * postgresql://postgres:***@127.0.0.1:5432/baseball\n",
      "   postgresql://postgres:***@127.0.0.1:5432/postgres\n",
      "134 rows affected.\n",
      "Returning data to local variable result_4a\n"
     ]
    }
   ],
   "source": [
    "%%sql result_4a <<\n",
    "SELECT a.playerid, AVG(s.salary)\n",
    "FROM appearances a\n",
    "JOIN salaries s\n",
    "USING (yearid, teamid, lgid, playerid)\n",
    "WHERE a.g_batting = 10\n",
    "GROUP BY a.playerid\n",
    ";"
   ]
  },
  {
   "cell_type": "code",
   "execution_count": 128,
   "metadata": {},
   "outputs": [],
   "source": [
    "# Do not delete/edit this cell\n",
    "result_4a.DataFrame().sort_values('playerid').to_csv('results/result_4a.csv', index=False)"
   ]
  },
  {
   "cell_type": "code",
   "execution_count": 129,
   "metadata": {
    "deletable": false,
    "editable": false
   },
   "outputs": [
    {
     "data": {
      "text/html": [
       "<p><strong><pre style='display: inline;'>q4ai</pre></strong> passed! ✨</p>"
      ],
      "text/plain": [
       "q4ai results: All test cases passed!"
      ]
     },
     "execution_count": 129,
     "metadata": {},
     "output_type": "execute_result"
    }
   ],
   "source": [
    "grader.check(\"q4ai\")"
   ]
  },
  {
   "cell_type": "code",
   "execution_count": 130,
   "metadata": {},
   "outputs": [
    {
     "name": "stdout",
     "output_type": "stream",
     "text": [
      "                                                                                   QUERY PLAN                                                                                   \r\n",
      "--------------------------------------------------------------------------------------------------------------------------------------------------------------------------------\r\n",
      " GroupAggregate  (cost=3637.78..3637.81 rows=1 width=17) (actual time=28.250..28.315 rows=134 loops=1)\r\n",
      "   Group Key: a.playerid\r\n",
      "   ->  Sort  (cost=3637.78..3637.79 rows=1 width=17) (actual time=28.242..28.250 rows=138 loops=1)\r\n",
      "         Sort Key: a.playerid\r\n",
      "         Sort Method: quicksort  Memory: 35kB\r\n",
      "         ->  Hash Join  (cost=2901.00..3637.77 rows=1 width=17) (actual time=18.229..28.030 rows=138 loops=1)\r\n",
      "               Hash Cond: ((s.yearid = a.yearid) AND ((s.teamid)::text = (a.teamid)::text) AND ((s.lgid)::text = (a.lgid)::text) AND ((s.playerid)::text = (a.playerid)::text))\r\n",
      "               ->  Seq Scan on salaries s  (cost=0.00..459.28 rows=26428 width=28) (actual time=0.009..2.493 rows=26428 loops=1)\r\n",
      "               ->  Hash  (cost=2873.20..2873.20 rows=1390 width=20) (actual time=18.030..18.030 rows=1347 loops=1)\r\n",
      "                     Buckets: 2048  Batches: 1  Memory Usage: 89kB\r\n",
      "                     ->  Seq Scan on appearances a  (cost=0.00..2873.20 rows=1390 width=20) (actual time=0.006..17.326 rows=1347 loops=1)\r\n",
      "                           Filter: (g_batting = 10)\r\n",
      "                           Rows Removed by Filter: 102909\r\n",
      " Planning Time: 1.471 ms\r\n",
      " Execution Time: 28.401 ms\r\n",
      "(15 rows)\r\n",
      "\r\n"
     ]
    }
   ],
   "source": [
    "result_4a_query_str = \"\"\"\n",
    "SELECT a.playerid, AVG(s.salary)\n",
    "FROM appearances a\n",
    "JOIN salaries s\n",
    "USING (yearid, teamid, lgid, playerid)\n",
    "WHERE a.g_batting = 10\n",
    "GROUP BY a.playerid\n",
    "\"\"\"\n",
    "!psql $POSTGRES_URI/baseball -c \"explain analyze $result_4a_query_str\""
   ]
  },
  {
   "cell_type": "code",
   "execution_count": 131,
   "metadata": {},
   "outputs": [],
   "source": [
    "result_4a_cost = 3637.81\n",
    "result_4a_timing = 28.315"
   ]
  },
  {
   "cell_type": "code",
   "execution_count": 132,
   "metadata": {
    "deletable": false,
    "editable": false
   },
   "outputs": [
    {
     "data": {
      "text/html": [
       "<p><strong><pre style='display: inline;'>q4aii</pre></strong> passed! 🙌</p>"
      ],
      "text/plain": [
       "q4aii results: All test cases passed!"
      ]
     },
     "execution_count": 132,
     "metadata": {},
     "output_type": "execute_result"
    }
   ],
   "source": [
    "grader.check(\"q4aii\")"
   ]
  },
  {
   "cell_type": "markdown",
   "metadata": {},
   "source": [
    "### Question 4b:\n",
    "Add an index with name `g_batting_idx` on the `g_batting` column of the `appearances` table."
   ]
  },
  {
   "cell_type": "code",
   "execution_count": 133,
   "metadata": {},
   "outputs": [
    {
     "name": "stdout",
     "output_type": "stream",
     "text": [
      " * postgresql://postgres:***@127.0.0.1:5432/baseball\n",
      "   postgresql://postgres:***@127.0.0.1:5432/postgres\n",
      "Done.\n",
      "Returning data to local variable result_4b\n"
     ]
    }
   ],
   "source": [
    "%%sql result_4b <<\n",
    "CREATE INDEX g_batting_idx ON appearances (g_batting)\n",
    ";"
   ]
  },
  {
   "cell_type": "markdown",
   "metadata": {},
   "source": [
    "Now, re-inspect the query plan of the query from `Question 4a` and record its execution time and cost."
   ]
  },
  {
   "cell_type": "code",
   "execution_count": 134,
   "metadata": {},
   "outputs": [
    {
     "name": "stdout",
     "output_type": "stream",
     "text": [
      "                                                                                   QUERY PLAN                                                                                   \r\n",
      "--------------------------------------------------------------------------------------------------------------------------------------------------------------------------------\r\n",
      " GroupAggregate  (cost=2390.88..2390.91 rows=1 width=17) (actual time=15.001..15.065 rows=134 loops=1)\r\n",
      "   Group Key: a.playerid\r\n",
      "   ->  Sort  (cost=2390.88..2390.89 rows=1 width=17) (actual time=14.993..15.001 rows=138 loops=1)\r\n",
      "         Sort Key: a.playerid\r\n",
      "         Sort Method: quicksort  Memory: 35kB\r\n",
      "         ->  Hash Join  (cost=1654.10..2390.87 rows=1 width=17) (actual time=3.373..14.812 rows=138 loops=1)\r\n",
      "               Hash Cond: ((s.yearid = a.yearid) AND ((s.teamid)::text = (a.teamid)::text) AND ((s.lgid)::text = (a.lgid)::text) AND ((s.playerid)::text = (a.playerid)::text))\r\n",
      "               ->  Seq Scan on salaries s  (cost=0.00..459.28 rows=26428 width=28) (actual time=0.011..2.858 rows=26428 loops=1)\r\n",
      "               ->  Hash  (cost=1626.30..1626.30 rows=1390 width=20) (actual time=3.193..3.194 rows=1347 loops=1)\r\n",
      "                     Buckets: 2048  Batches: 1  Memory Usage: 89kB\r\n",
      "                     ->  Bitmap Heap Scan on appearances a  (cost=19.06..1626.30 rows=1390 width=20) (actual time=0.335..2.600 rows=1347 loops=1)\r\n",
      "                           Recheck Cond: (g_batting = 10)\r\n",
      "                           Heap Blocks: exact=899\r\n",
      "                           ->  Bitmap Index Scan on g_batting_idx  (cost=0.00..18.72 rows=1390 width=0) (actual time=0.204..0.204 rows=1347 loops=1)\r\n",
      "                                 Index Cond: (g_batting = 10)\r\n",
      " Planning Time: 1.603 ms\r\n",
      " Execution Time: 15.178 ms\r\n",
      "(17 rows)\r\n",
      "\r\n"
     ]
    }
   ],
   "source": [
    "!psql $POSTGRES_URI/baseball -c \"explain analyze $result_4a_query_str\""
   ]
  },
  {
   "cell_type": "code",
   "execution_count": 135,
   "metadata": {},
   "outputs": [],
   "source": [
    "result_4b_cost = 2390.91\n",
    "result_4b_timing = 15.065"
   ]
  },
  {
   "cell_type": "code",
   "execution_count": 136,
   "metadata": {
    "deletable": false,
    "editable": false
   },
   "outputs": [
    {
     "data": {
      "text/html": [
       "<p><strong><pre style='display: inline;'>q4b</pre></strong> passed! 🎉</p>"
      ],
      "text/plain": [
       "q4b results: All test cases passed!"
      ]
     },
     "execution_count": 136,
     "metadata": {},
     "output_type": "execute_result"
    }
   ],
   "source": [
    "grader.check(\"q4b\")"
   ]
  },
  {
   "cell_type": "markdown",
   "metadata": {},
   "source": [
    "In the following question, we will explore adding a different index and evaluating the query from `Question 4a`. To avoid any interference by the `g_batting_idx` index, drop the index before moving onto the next question."
   ]
  },
  {
   "cell_type": "code",
   "execution_count": 137,
   "metadata": {},
   "outputs": [
    {
     "name": "stdout",
     "output_type": "stream",
     "text": [
      " * postgresql://postgres:***@127.0.0.1:5432/baseball\n",
      "   postgresql://postgres:***@127.0.0.1:5432/postgres\n",
      "Done.\n"
     ]
    },
    {
     "data": {
      "text/plain": [
       "[]"
      ]
     },
     "execution_count": 137,
     "metadata": {},
     "output_type": "execute_result"
    }
   ],
   "source": [
    "%%sql \n",
    "DROP INDEX g_batting_idx;"
   ]
  },
  {
   "cell_type": "markdown",
   "metadata": {},
   "source": [
    "### Question 4c:\n",
    "Write a query to add an index with name `salary_idx` on the `salary` column of the `salaries` table."
   ]
  },
  {
   "cell_type": "code",
   "execution_count": 139,
   "metadata": {},
   "outputs": [
    {
     "name": "stdout",
     "output_type": "stream",
     "text": [
      " * postgresql://postgres:***@127.0.0.1:5432/baseball\n",
      "   postgresql://postgres:***@127.0.0.1:5432/postgres\n",
      "Done.\n",
      "Returning data to local variable result_4c\n"
     ]
    }
   ],
   "source": [
    "%%sql result_4c <<\n",
    "CREATE INDEX salary_idx ON salaries (salary)\n",
    ";"
   ]
  },
  {
   "cell_type": "markdown",
   "metadata": {},
   "source": [
    "Re-inspect the query plan of the query from the `Question 4a` and record its execution time and cost."
   ]
  },
  {
   "cell_type": "code",
   "execution_count": 140,
   "metadata": {},
   "outputs": [
    {
     "name": "stdout",
     "output_type": "stream",
     "text": [
      "                                                                                   QUERY PLAN                                                                                   \r\n",
      "--------------------------------------------------------------------------------------------------------------------------------------------------------------------------------\r\n",
      " GroupAggregate  (cost=3637.78..3637.81 rows=1 width=17) (actual time=23.422..23.493 rows=134 loops=1)\r\n",
      "   Group Key: a.playerid\r\n",
      "   ->  Sort  (cost=3637.78..3637.79 rows=1 width=17) (actual time=23.414..23.424 rows=138 loops=1)\r\n",
      "         Sort Key: a.playerid\r\n",
      "         Sort Method: quicksort  Memory: 35kB\r\n",
      "         ->  Hash Join  (cost=2901.00..3637.77 rows=1 width=17) (actual time=16.106..23.221 rows=138 loops=1)\r\n",
      "               Hash Cond: ((s.yearid = a.yearid) AND ((s.teamid)::text = (a.teamid)::text) AND ((s.lgid)::text = (a.lgid)::text) AND ((s.playerid)::text = (a.playerid)::text))\r\n",
      "               ->  Seq Scan on salaries s  (cost=0.00..459.28 rows=26428 width=28) (actual time=0.016..1.885 rows=26428 loops=1)\r\n",
      "               ->  Hash  (cost=2873.20..2873.20 rows=1390 width=20) (actual time=15.929..15.930 rows=1347 loops=1)\r\n",
      "                     Buckets: 2048  Batches: 1  Memory Usage: 89kB\r\n",
      "                     ->  Seq Scan on appearances a  (cost=0.00..2873.20 rows=1390 width=20) (actual time=0.010..15.275 rows=1347 loops=1)\r\n",
      "                           Filter: (g_batting = 10)\r\n",
      "                           Rows Removed by Filter: 102909\r\n",
      " Planning Time: 2.516 ms\r\n",
      " Execution Time: 23.626 ms\r\n",
      "(15 rows)\r\n",
      "\r\n"
     ]
    }
   ],
   "source": [
    "!psql $POSTGRES_URI/baseball -c \"explain analyze $result_4a_query_str\""
   ]
  },
  {
   "cell_type": "code",
   "execution_count": 141,
   "metadata": {},
   "outputs": [],
   "source": [
    "result_4c_cost = 3637.81\n",
    "result_4c_timing = 23.493"
   ]
  },
  {
   "cell_type": "code",
   "execution_count": 142,
   "metadata": {
    "deletable": false,
    "editable": false
   },
   "outputs": [
    {
     "data": {
      "text/html": [
       "<p><strong><pre style='display: inline;'>q4c</pre></strong> passed! ✨</p>"
      ],
      "text/plain": [
       "q4c results: All test cases passed!"
      ]
     },
     "execution_count": 142,
     "metadata": {},
     "output_type": "execute_result"
    }
   ],
   "source": [
    "grader.check(\"q4c\")"
   ]
  },
  {
   "cell_type": "markdown",
   "metadata": {
    "deletable": false,
    "editable": false
   },
   "source": [
    "### Question 4d:\n",
    "#### Question 4di:\n",
    "Given your findings from inspecting the query plans with no indexes, an index on `g_batting`, and an index on `salary`, answer the following question. Assign the variable `q4d_part1` to a list of all options which are true for the proposed statement.\n",
    "\n",
    "1. Consider the following statements:\n",
    "    1. Adding the `g_batting` index did not have a significant impact on the query execution time and cost.\n",
    "    1. Adding the `g_batting` index did have a significant impact on the query execution time, but not the cost.\n",
    "    1. Adding the `g_batting` index did have a significant impact on the query cost, but not the execution time.\n",
    "    1. Adding the `g_batting` index did have a significant impact on the query cost and execution time.\n",
    "    1. Adding the `salary` index did not have a significant impact on the query execution time and cost.\n",
    "    1. Adding the `salary` index did have a significant impact on the query execution time, but not the cost.\n",
    "    1. Adding the `salary` index did have a significant impact on the query cost, but not the execution time.\n",
    "    1. Adding the `salary` index did have a significant impact on the query cost and execution time.\n",
    "\n",
    "**Note:** Your answer should be formatted as follows: `q4d_part1 = ['A', 'B']`\n",
    "\n",
    "<!--\n",
    "BEGIN QUESTION\n",
    "name: q4di\n",
    "points: 2\n",
    "-->"
   ]
  },
  {
   "cell_type": "code",
   "execution_count": 143,
   "metadata": {},
   "outputs": [],
   "source": [
    "q4d_part1 = ['D', 'F']"
   ]
  },
  {
   "cell_type": "code",
   "execution_count": 144,
   "metadata": {
    "deletable": false,
    "editable": false
   },
   "outputs": [
    {
     "data": {
      "text/html": [
       "<p><strong><pre style='display: inline;'>q4di</pre></strong> passed! 🌟</p>"
      ],
      "text/plain": [
       "q4di results: All test cases passed!"
      ]
     },
     "execution_count": 144,
     "metadata": {},
     "output_type": "execute_result"
    }
   ],
   "source": [
    "grader.check(\"q4di\")"
   ]
  },
  {
   "cell_type": "markdown",
   "metadata": {
    "deletable": false,
    "editable": false
   },
   "source": [
    "<!-- BEGIN QUESTION -->\n",
    "\n",
    "#### Question 4dii:\n",
    "\n",
    "Explain your answer based on your findings from inspecting the query plans (your explanation should include why you didn't choose certain options).\n",
    "\n",
    "<!--\n",
    "BEGIN QUESTION\n",
    "name: q4dii\n",
    "manual: true\n",
    "points: 2\n",
    "-->"
   ]
  },
  {
   "cell_type": "markdown",
   "metadata": {},
   "source": [
    "_Type your answer here, replacing this text._"
   ]
  },
  {
   "cell_type": "markdown",
   "metadata": {},
   "source": [
    "<!-- END QUESTION -->\n",
    "\n",
    "\n",
    "\n",
    "In the following question, we will further explore the impact of indexes on query performance. To avoid any interference by the `salary_idx` index, please drop the index before moving onto the next question."
   ]
  },
  {
   "cell_type": "code",
   "execution_count": 145,
   "metadata": {},
   "outputs": [
    {
     "name": "stdout",
     "output_type": "stream",
     "text": [
      " * postgresql://postgres:***@127.0.0.1:5432/baseball\n",
      "   postgresql://postgres:***@127.0.0.1:5432/postgres\n",
      "Done.\n"
     ]
    },
    {
     "data": {
      "text/plain": [
       "[]"
      ]
     },
     "execution_count": 145,
     "metadata": {},
     "output_type": "execute_result"
    }
   ],
   "source": [
    "%%sql \n",
    "DROP INDEX salary_idx\n",
    ";"
   ]
  },
  {
   "cell_type": "markdown",
   "metadata": {},
   "source": [
    "### Question 4e:\n",
    "#### Question 4ei:\n",
    "Write a query that finds the `playerid`, `yearid`, and `salary` for each player that had played 10 games and batted in 10 games. Your query should join the `salaries` and `appearances` table on `yearid`, `teamid`, and `playerid`."
   ]
  },
  {
   "cell_type": "code",
   "execution_count": 7,
   "metadata": {},
   "outputs": [
    {
     "name": "stdout",
     "output_type": "stream",
     "text": [
      " * postgresql://postgres:***@127.0.0.1:5432/baseball\n",
      "   postgresql://postgres:***@127.0.0.1:5432/postgres\n",
      "120 rows affected.\n",
      "Returning data to local variable result_4ei\n"
     ]
    }
   ],
   "source": [
    "%%sql result_4ei <<\n",
    "SELECT\n",
    "    a.playerid, a.yearid, s.salary\n",
    "FROM\n",
    "    salaries s\n",
    "JOIN\n",
    "    appearances a\n",
    "USING\n",
    "    (yearid, teamid, playerid)\n",
    "WHERE\n",
    "    a.g_all = 10 AND\n",
    "    a.g_batting = 10"
   ]
  },
  {
   "cell_type": "code",
   "execution_count": 8,
   "metadata": {},
   "outputs": [],
   "source": [
    "# Do not delete/edit this cell\n",
    "result_4ei.DataFrame().sort_values(['playerid', 'yearid']).to_csv('results/result_4ei.csv', index=False)"
   ]
  },
  {
   "cell_type": "code",
   "execution_count": 9,
   "metadata": {
    "deletable": false,
    "editable": false
   },
   "outputs": [
    {
     "data": {
      "text/html": [
       "<p><strong><pre style='display: inline;'>q4ei_part1</pre></strong> passed! 🌟</p>"
      ],
      "text/plain": [
       "q4ei_part1 results: All test cases passed!"
      ]
     },
     "execution_count": 9,
     "metadata": {},
     "output_type": "execute_result"
    }
   ],
   "source": [
    "grader.check(\"q4ei_part1\")"
   ]
  },
  {
   "cell_type": "markdown",
   "metadata": {},
   "source": [
    "Inspect the query plan and record the execution time and cost."
   ]
  },
  {
   "cell_type": "code",
   "execution_count": 11,
   "metadata": {},
   "outputs": [
    {
     "name": "stdout",
     "output_type": "stream",
     "text": [
      "                                                             QUERY PLAN                                                             \r\n",
      "------------------------------------------------------------------------------------------------------------------------------------\r\n",
      " Nested Loop  (cost=0.29..3306.60 rows=1 width=21) (actual time=15.739..29.539 rows=120 loops=1)\r\n",
      "   ->  Seq Scan on appearances a  (cost=0.00..3133.84 rows=21 width=17) (actual time=0.012..22.381 rows=1289 loops=1)\r\n",
      "         Filter: ((g_all = 10) AND (g_batting = 10))\r\n",
      "         Rows Removed by Filter: 102967\r\n",
      "   ->  Index Scan using salaries_pkey on salaries s  (cost=0.29..8.22 rows=1 width=25) (actual time=0.005..0.005 rows=0 loops=1289)\r\n",
      "         Index Cond: ((yearid = a.yearid) AND ((teamid)::text = (a.teamid)::text) AND ((playerid)::text = (a.playerid)::text))\r\n",
      " Planning Time: 2.132 ms\r\n",
      " Execution Time: 29.641 ms\r\n",
      "(8 rows)\r\n",
      "\r\n"
     ]
    }
   ],
   "source": [
    "result_4ei_query_str = \"\"\"\n",
    "SELECT\n",
    "    a.playerid, a.yearid, s.salary\n",
    "FROM\n",
    "    salaries s\n",
    "JOIN\n",
    "    appearances a\n",
    "USING\n",
    "    (yearid, teamid, playerid)\n",
    "WHERE\n",
    "    a.g_all = 10 AND\n",
    "    a.g_batting = 10\n",
    "\"\"\"\n",
    "!psql $POSTGRES_URI/baseball -c \"explain analyze $result_4ei_query_str\""
   ]
  },
  {
   "cell_type": "code",
   "execution_count": 12,
   "metadata": {},
   "outputs": [],
   "source": [
    "result_4ei_cost = 3306.60\n",
    "result_4ei_timing = 29.539"
   ]
  },
  {
   "cell_type": "code",
   "execution_count": 13,
   "metadata": {
    "deletable": false,
    "editable": false
   },
   "outputs": [
    {
     "data": {
      "text/html": [
       "<p><strong><pre style='display: inline;'>q4ei_part2</pre></strong> passed! 🙌</p>"
      ],
      "text/plain": [
       "q4ei_part2 results: All test cases passed!"
      ]
     },
     "execution_count": 13,
     "metadata": {},
     "output_type": "execute_result"
    }
   ],
   "source": [
    "grader.check(\"q4ei_part2\")"
   ]
  },
  {
   "cell_type": "markdown",
   "metadata": {},
   "source": [
    "#### Question 4eii:\n",
    "Now, let's see the impact of adding an index on the `g_batting` column. Create an index on the `g_batting` column. Re-inspect the query from `Question 4ei` and record the execution time and cost."
   ]
  },
  {
   "cell_type": "code",
   "execution_count": 14,
   "metadata": {
    "scrolled": true
   },
   "outputs": [
    {
     "name": "stdout",
     "output_type": "stream",
     "text": [
      " * postgresql://postgres:***@127.0.0.1:5432/baseball\n",
      "   postgresql://postgres:***@127.0.0.1:5432/postgres\n",
      "Done.\n",
      "Returning data to local variable result_4eii\n"
     ]
    }
   ],
   "source": [
    "%%sql result_4eii << \n",
    "CREATE INDEX g_batting_idx ON appearances (g_batting)"
   ]
  },
  {
   "cell_type": "code",
   "execution_count": 15,
   "metadata": {},
   "outputs": [
    {
     "name": "stdout",
     "output_type": "stream",
     "text": [
      "                                                             QUERY PLAN                                                             \r\n",
      "------------------------------------------------------------------------------------------------------------------------------------\r\n",
      " Nested Loop  (cost=19.01..1802.19 rows=1 width=21) (actual time=2.765..6.359 rows=120 loops=1)\r\n",
      "   ->  Bitmap Heap Scan on appearances a  (cost=18.72..1629.43 rows=21 width=17) (actual time=0.366..2.228 rows=1289 loops=1)\r\n",
      "         Recheck Cond: (g_batting = 10)\r\n",
      "         Filter: (g_all = 10)\r\n",
      "         Rows Removed by Filter: 58\r\n",
      "         Heap Blocks: exact=899\r\n",
      "         ->  Bitmap Index Scan on g_batting_idx  (cost=0.00..18.72 rows=1390 width=0) (actual time=0.250..0.251 rows=1347 loops=1)\r\n",
      "               Index Cond: (g_batting = 10)\r\n",
      "   ->  Index Scan using salaries_pkey on salaries s  (cost=0.29..8.22 rows=1 width=25) (actual time=0.003..0.003 rows=0 loops=1289)\r\n",
      "         Index Cond: ((yearid = a.yearid) AND ((teamid)::text = (a.teamid)::text) AND ((playerid)::text = (a.playerid)::text))\r\n",
      " Planning Time: 1.544 ms\r\n",
      " Execution Time: 6.441 ms\r\n",
      "(12 rows)\r\n",
      "\r\n"
     ]
    }
   ],
   "source": [
    "!psql $POSTGRES_URI/baseball -c \"explain analyze $result_4ei_query_str\""
   ]
  },
  {
   "cell_type": "code",
   "execution_count": 16,
   "metadata": {},
   "outputs": [],
   "source": [
    "result_4eii_with_index_cost = 1802.19\n",
    "result_4eii_with_index_timing = 6.359"
   ]
  },
  {
   "cell_type": "code",
   "execution_count": 17,
   "metadata": {
    "deletable": false,
    "editable": false
   },
   "outputs": [
    {
     "data": {
      "text/html": [
       "<p><strong><pre style='display: inline;'>q4eii</pre></strong> passed! 🌈</p>"
      ],
      "text/plain": [
       "q4eii results: All test cases passed!"
      ]
     },
     "execution_count": 17,
     "metadata": {},
     "output_type": "execute_result"
    }
   ],
   "source": [
    "grader.check(\"q4eii\")"
   ]
  },
  {
   "cell_type": "markdown",
   "metadata": {},
   "source": [
    "In the following question, we will further explore the impact of indexes on query performance. To avoid any interference from the index on the `g_batting` column, drop the index before moving onto the next question."
   ]
  },
  {
   "cell_type": "code",
   "execution_count": 18,
   "metadata": {},
   "outputs": [
    {
     "name": "stdout",
     "output_type": "stream",
     "text": [
      " * postgresql://postgres:***@127.0.0.1:5432/baseball\n",
      "   postgresql://postgres:***@127.0.0.1:5432/postgres\n",
      "Done.\n"
     ]
    },
    {
     "data": {
      "text/plain": [
       "[]"
      ]
     },
     "execution_count": 18,
     "metadata": {},
     "output_type": "execute_result"
    }
   ],
   "source": [
    "%%sql \n",
    "DROP INDEX g_batting_idx"
   ]
  },
  {
   "cell_type": "markdown",
   "metadata": {},
   "source": [
    "#### Question 4eiii:\n",
    "Write a query that finds the `playerid`, `yearid`, and `salary` for each player that had played 10 games __or__ batted in 10 games. Your query should join the `salaries` and `appearances` table on `yearid`, `teamid`, and `playerid`."
   ]
  },
  {
   "cell_type": "code",
   "execution_count": 19,
   "metadata": {},
   "outputs": [
    {
     "name": "stdout",
     "output_type": "stream",
     "text": [
      " * postgresql://postgres:***@127.0.0.1:5432/baseball\n",
      "   postgresql://postgres:***@127.0.0.1:5432/postgres\n",
      "216 rows affected.\n",
      "Returning data to local variable result_4eiii\n"
     ]
    }
   ],
   "source": [
    "%%sql result_4eiii <<\n",
    "SELECT\n",
    "    a.playerid, a.yearid, s.salary\n",
    "FROM\n",
    "    salaries s\n",
    "JOIN\n",
    "    appearances a\n",
    "USING\n",
    "    (yearid, teamid, playerid)\n",
    "WHERE\n",
    "    a.g_all = 10 OR\n",
    "    a.g_batting = 10"
   ]
  },
  {
   "cell_type": "code",
   "execution_count": 20,
   "metadata": {},
   "outputs": [],
   "source": [
    "# Do not delete/edit this cell\n",
    "result_4eiii.DataFrame().sort_values(['playerid', 'yearid']).to_csv('results/result_4eiii.csv', index=False)"
   ]
  },
  {
   "cell_type": "code",
   "execution_count": 21,
   "metadata": {
    "deletable": false,
    "editable": false
   },
   "outputs": [
    {
     "data": {
      "text/html": [
       "<p><strong><pre style='display: inline;'>q4eiii_part1</pre></strong> passed! 🚀</p>"
      ],
      "text/plain": [
       "q4eiii_part1 results: All test cases passed!"
      ]
     },
     "execution_count": 21,
     "metadata": {},
     "output_type": "execute_result"
    }
   ],
   "source": [
    "grader.check(\"q4eiii_part1\")"
   ]
  },
  {
   "cell_type": "code",
   "execution_count": 22,
   "metadata": {},
   "outputs": [
    {
     "name": "stdout",
     "output_type": "stream",
     "text": [
      "                                                          QUERY PLAN                                                          \r\n",
      "------------------------------------------------------------------------------------------------------------------------------\r\n",
      " Hash Join  (cost=3184.87..3852.27 rows=2 width=21) (actual time=20.113..26.712 rows=216 loops=1)\r\n",
      "   Hash Cond: ((s.yearid = a.yearid) AND ((s.teamid)::text = (a.teamid)::text) AND ((s.playerid)::text = (a.playerid)::text))\r\n",
      "   ->  Seq Scan on salaries s  (cost=0.00..459.28 rows=26428 width=25) (actual time=0.009..1.871 rows=26428 loops=1)\r\n",
      "   ->  Hash  (cost=3133.84..3133.84 rows=2916 width=17) (actual time=19.933..19.934 rows=1655 loops=1)\r\n",
      "         Buckets: 4096  Batches: 1  Memory Usage: 116kB\r\n",
      "         ->  Seq Scan on appearances a  (cost=0.00..3133.84 rows=2916 width=17) (actual time=0.008..19.167 rows=1655 loops=1)\r\n",
      "               Filter: ((g_all = 10) OR (g_batting = 10))\r\n",
      "               Rows Removed by Filter: 102601\r\n",
      " Planning Time: 2.113 ms\r\n",
      " Execution Time: 26.789 ms\r\n",
      "(10 rows)\r\n",
      "\r\n"
     ]
    }
   ],
   "source": [
    "result_4eiii_query_str = \"\"\"\n",
    "SELECT\n",
    "    a.playerid, a.yearid, s.salary\n",
    "FROM\n",
    "    salaries s\n",
    "JOIN\n",
    "    appearances a\n",
    "USING\n",
    "    (yearid, teamid, playerid)\n",
    "WHERE\n",
    "    a.g_all = 10 OR\n",
    "    a.g_batting = 10\n",
    "\"\"\"\n",
    "!psql $POSTGRES_URI/baseball -c \"explain analyze $result_4eiii_query_str\""
   ]
  },
  {
   "cell_type": "code",
   "execution_count": 23,
   "metadata": {},
   "outputs": [],
   "source": [
    "result_4eiii_cost = 3852.27\n",
    "result_4eiii_timing = 26.712"
   ]
  },
  {
   "cell_type": "code",
   "execution_count": 24,
   "metadata": {
    "deletable": false,
    "editable": false
   },
   "outputs": [
    {
     "data": {
      "text/html": [
       "<p><strong><pre style='display: inline;'>q4eiii_part2</pre></strong> passed! 🍀</p>"
      ],
      "text/plain": [
       "q4eiii_part2 results: All test cases passed!"
      ]
     },
     "execution_count": 24,
     "metadata": {},
     "output_type": "execute_result"
    }
   ],
   "source": [
    "grader.check(\"q4eiii_part2\")"
   ]
  },
  {
   "cell_type": "markdown",
   "metadata": {},
   "source": [
    "#### Question 4eiv\n",
    "Now, let's see the impact of adding an index on `g_batting` column will have on the query. Re-create the index and re-inspect the query from `Question 4eiii` and record the execution time and cost."
   ]
  },
  {
   "cell_type": "code",
   "execution_count": 25,
   "metadata": {
    "scrolled": true
   },
   "outputs": [
    {
     "name": "stdout",
     "output_type": "stream",
     "text": [
      " * postgresql://postgres:***@127.0.0.1:5432/baseball\n",
      "   postgresql://postgres:***@127.0.0.1:5432/postgres\n",
      "Done.\n",
      "Returning data to local variable result_4eiv\n"
     ]
    }
   ],
   "source": [
    "%%sql result_4eiv << \n",
    "CREATE INDEX g_batting_idx ON appearances (g_batting)"
   ]
  },
  {
   "cell_type": "code",
   "execution_count": 26,
   "metadata": {},
   "outputs": [
    {
     "name": "stdout",
     "output_type": "stream",
     "text": [
      "                                                          QUERY PLAN                                                          \r\n",
      "------------------------------------------------------------------------------------------------------------------------------\r\n",
      " Hash Join  (cost=3184.87..3852.27 rows=2 width=21) (actual time=21.372..29.514 rows=216 loops=1)\r\n",
      "   Hash Cond: ((s.yearid = a.yearid) AND ((s.teamid)::text = (a.teamid)::text) AND ((s.playerid)::text = (a.playerid)::text))\r\n",
      "   ->  Seq Scan on salaries s  (cost=0.00..459.28 rows=26428 width=25) (actual time=0.009..2.272 rows=26428 loops=1)\r\n",
      "   ->  Hash  (cost=3133.84..3133.84 rows=2916 width=17) (actual time=21.111..21.112 rows=1655 loops=1)\r\n",
      "         Buckets: 4096  Batches: 1  Memory Usage: 116kB\r\n",
      "         ->  Seq Scan on appearances a  (cost=0.00..3133.84 rows=2916 width=17) (actual time=0.012..20.366 rows=1655 loops=1)\r\n",
      "               Filter: ((g_all = 10) OR (g_batting = 10))\r\n",
      "               Rows Removed by Filter: 102601\r\n",
      " Planning Time: 3.119 ms\r\n",
      " Execution Time: 29.622 ms\r\n",
      "(10 rows)\r\n",
      "\r\n"
     ]
    }
   ],
   "source": [
    "!psql $POSTGRES_URI/baseball -c \"explain analyze $result_4eiii_query_str\""
   ]
  },
  {
   "cell_type": "code",
   "execution_count": 28,
   "metadata": {},
   "outputs": [],
   "source": [
    "result_4eiv_with_index_cost = 3852.27\n",
    "result_4eiv_with_index_timing = 29.514"
   ]
  },
  {
   "cell_type": "code",
   "execution_count": 29,
   "metadata": {
    "deletable": false,
    "editable": false
   },
   "outputs": [
    {
     "data": {
      "text/html": [
       "<p><strong><pre style='display: inline;'>q4eiv</pre></strong> passed! 🌈</p>"
      ],
      "text/plain": [
       "q4eiv results: All test cases passed!"
      ]
     },
     "execution_count": 29,
     "metadata": {},
     "output_type": "execute_result"
    }
   ],
   "source": [
    "grader.check(\"q4eiv\")"
   ]
  },
  {
   "cell_type": "markdown",
   "metadata": {},
   "source": [
    "In the following question, we will further explore the impact of indexes on query performance. To avoid any interference from the index on the `g_batting` column, drop the index before moving onto the next question."
   ]
  },
  {
   "cell_type": "code",
   "execution_count": 30,
   "metadata": {},
   "outputs": [
    {
     "name": "stdout",
     "output_type": "stream",
     "text": [
      " * postgresql://postgres:***@127.0.0.1:5432/baseball\n",
      "   postgresql://postgres:***@127.0.0.1:5432/postgres\n",
      "Done.\n"
     ]
    },
    {
     "data": {
      "text/plain": [
       "[]"
      ]
     },
     "execution_count": 30,
     "metadata": {},
     "output_type": "execute_result"
    }
   ],
   "source": [
    "%%sql \n",
    "DROP INDEX g_batting_idx"
   ]
  },
  {
   "cell_type": "markdown",
   "metadata": {},
   "source": [
    "#### Question 4ev:\n",
    "Now, create a multiple column index on `g_batting` and `g_all` called `g_batting_g_all_idx` and record the query execution time and cost."
   ]
  },
  {
   "cell_type": "code",
   "execution_count": 31,
   "metadata": {},
   "outputs": [
    {
     "name": "stdout",
     "output_type": "stream",
     "text": [
      " * postgresql://postgres:***@127.0.0.1:5432/baseball\n",
      "   postgresql://postgres:***@127.0.0.1:5432/postgres\n",
      "Done.\n",
      "Returning data to local variable result_4v\n"
     ]
    }
   ],
   "source": [
    "%%sql result_4v <<\n",
    "CREATE INDEX g_batting_g_all_idx ON appearances (g_batting, g_all)"
   ]
  },
  {
   "cell_type": "code",
   "execution_count": 32,
   "metadata": {},
   "outputs": [
    {
     "name": "stdout",
     "output_type": "stream",
     "text": [
      "                                                                      QUERY PLAN                                                                       \r\n",
      "-------------------------------------------------------------------------------------------------------------------------------------------------------\r\n",
      " Hash Join  (cost=2871.52..3538.93 rows=2 width=21) (actual time=3.933..13.793 rows=216 loops=1)\r\n",
      "   Hash Cond: ((s.yearid = a.yearid) AND ((s.teamid)::text = (a.teamid)::text) AND ((s.playerid)::text = (a.playerid)::text))\r\n",
      "   ->  Seq Scan on salaries s  (cost=0.00..459.28 rows=26428 width=25) (actual time=0.005..2.593 rows=26428 loops=1)\r\n",
      "   ->  Hash  (cost=2820.49..2820.49 rows=2916 width=17) (actual time=3.749..3.751 rows=1655 loops=1)\r\n",
      "         Buckets: 4096  Batches: 1  Memory Usage: 116kB\r\n",
      "         ->  Bitmap Heap Scan on appearances a  (cost=1182.39..2820.49 rows=2916 width=17) (actual time=1.294..3.316 rows=1655 loops=1)\r\n",
      "               Recheck Cond: ((g_all = 10) OR (g_batting = 10))\r\n",
      "               Heap Blocks: exact=1027\r\n",
      "               ->  BitmapOr  (cost=1182.39..1182.39 rows=2937 width=0) (actual time=1.148..1.149 rows=0 loops=1)\r\n",
      "                     ->  Bitmap Index Scan on g_batting_g_all_idx  (cost=0.00..1162.21 rows=1546 width=0) (actual time=1.094..1.094 rows=1597 loops=1)\r\n",
      "                           Index Cond: (g_all = 10)\r\n",
      "                     ->  Bitmap Index Scan on g_batting_g_all_idx  (cost=0.00..18.72 rows=1390 width=0) (actual time=0.053..0.054 rows=1347 loops=1)\r\n",
      "                           Index Cond: (g_batting = 10)\r\n",
      " Planning Time: 1.749 ms\r\n",
      " Execution Time: 13.895 ms\r\n",
      "(15 rows)\r\n",
      "\r\n"
     ]
    }
   ],
   "source": [
    "!psql $POSTGRES_URI/baseball -c \"explain analyze $result_4eiii_query_str\""
   ]
  },
  {
   "cell_type": "code",
   "execution_count": 33,
   "metadata": {},
   "outputs": [],
   "source": [
    "result_4ev_multiple_col_index_cost = 3538.93\n",
    "result_4ev_multiple_col_index_timing = 13.793"
   ]
  },
  {
   "cell_type": "code",
   "execution_count": 34,
   "metadata": {
    "deletable": false,
    "editable": false
   },
   "outputs": [
    {
     "data": {
      "text/html": [
       "<p><strong><pre style='display: inline;'>q4ev</pre></strong> passed! 💯</p>"
      ],
      "text/plain": [
       "q4ev results: All test cases passed!"
      ]
     },
     "execution_count": 34,
     "metadata": {},
     "output_type": "execute_result"
    }
   ],
   "source": [
    "grader.check(\"q4ev\")"
   ]
  },
  {
   "cell_type": "markdown",
   "metadata": {
    "deletable": false,
    "editable": false
   },
   "source": [
    "#### Question 4evi:\n",
    "Given your findings from inspecting the query plans from `Question 4e`, answer the following question. Assign the variable `q4e_part6` to a list of all statements that are true.\n",
    "\n",
    "1. Consider the following statements:\n",
    "    1. Adding an index on a column used in an AND predicate will reduce the query time, but not the execution cost.\n",
    "    1. Adding an index on a column used in an AND predicate will reduce the query cost, but not the execution time.\n",
    "    1. Adding an index on a column used in an AND predicate will reduce the query cost and the execution time.\n",
    "    1. Adding an index on a column used in an OR predicate will reduce the query time, but not the execution cost.\n",
    "    1. Adding an index on a column used in an OR predicate will reduce the query cost, but not the execution time.\n",
    "    1. Adding an index on a column used in an OR predicate will reduce the query cost and the execution time.\n",
    "    1. Adding a mutlicolumn index on columns in an OR predicate will reduce the query time, but not the execution cost.\n",
    "    1. Adding a mutlicolumn index on columns in an OR predicate will reduce the query cost, but not the execution time.\n",
    "    1. Adding a mutlicolumn index on columns in an OR predicate will reduce the query cost and the execution time.\n",
    "\n",
    "**Note:** Your answer should be formatted as follows: `q4e_part6 = ['A', 'B']`\n",
    "\n",
    "<!--\n",
    "BEGIN QUESTION\n",
    "name: q4evi\n",
    "points: 2\n",
    "-->"
   ]
  },
  {
   "cell_type": "code",
   "execution_count": 35,
   "metadata": {},
   "outputs": [],
   "source": [
    "q4e_part6 = ['C', 'D', 'G']"
   ]
  },
  {
   "cell_type": "code",
   "execution_count": 36,
   "metadata": {
    "deletable": false,
    "editable": false
   },
   "outputs": [
    {
     "data": {
      "text/html": [
       "<p><strong><pre style='display: inline;'>q4evi</pre></strong> passed! 🙌</p>"
      ],
      "text/plain": [
       "q4evi results: All test cases passed!"
      ]
     },
     "execution_count": 36,
     "metadata": {},
     "output_type": "execute_result"
    }
   ],
   "source": [
    "grader.check(\"q4evi\")"
   ]
  },
  {
   "cell_type": "markdown",
   "metadata": {
    "deletable": false,
    "editable": false
   },
   "source": [
    "<!-- BEGIN QUESTION -->\n",
    "\n",
    "#### Question 4evii\n",
    "\n",
    "Explain your answer to the previous part based on your inspection of the query plans (your explanation should include why you didn't choose certain options).\n",
    "\n",
    "<!--\n",
    "BEGIN QUESTION\n",
    "name: q4evii\n",
    "manual: true\n",
    "points: 2\n",
    "-->"
   ]
  },
  {
   "cell_type": "markdown",
   "metadata": {},
   "source": [
    "_Type your answer here, replacing this text._"
   ]
  },
  {
   "cell_type": "markdown",
   "metadata": {},
   "source": [
    "<!-- END QUESTION -->\n",
    "\n",
    "\n",
    "\n",
    "### Question 5:\n",
    "#### Question 5a:\n",
    "Write 2 queries: one that finds the minimum salary from the salary table and one that finds the average. Inspect the queries' query plans and record their execution times and costs."
   ]
  },
  {
   "cell_type": "code",
   "execution_count": 7,
   "metadata": {},
   "outputs": [
    {
     "name": "stdout",
     "output_type": "stream",
     "text": [
      " * postgresql://postgres:***@127.0.0.1:5432/baseball\n",
      "   postgresql://postgres:***@127.0.0.1:5432/postgres\n",
      "1 rows affected.\n",
      "Returning data to local variable result_5a_min\n"
     ]
    }
   ],
   "source": [
    "%%sql result_5a_min << \n",
    "SELECT MIN(salary) FROM salaries"
   ]
  },
  {
   "cell_type": "code",
   "execution_count": 8,
   "metadata": {},
   "outputs": [
    {
     "name": "stdout",
     "output_type": "stream",
     "text": [
      "                                                    QUERY PLAN                                                    \r\n",
      "------------------------------------------------------------------------------------------------------------------\r\n",
      " Aggregate  (cost=525.35..525.36 rows=1 width=8) (actual time=17.996..17.997 rows=1 loops=1)\r\n",
      "   ->  Seq Scan on salaries  (cost=0.00..459.28 rows=26428 width=8) (actual time=0.012..7.219 rows=26428 loops=1)\r\n",
      " Planning Time: 0.883 ms\r\n",
      " Execution Time: 18.215 ms\r\n",
      "(4 rows)\r\n",
      "\r\n"
     ]
    }
   ],
   "source": [
    "result_5a_min_query_str = \"SELECT MIN(salary) FROM salaries\"\n",
    "!psql $POSTGRES_URI/baseball -c \"explain analyze $result_5a_min_query_str\""
   ]
  },
  {
   "cell_type": "code",
   "execution_count": 9,
   "metadata": {},
   "outputs": [],
   "source": [
    "result_5a_min_query_cost = 525.36\n",
    "result_5a_min_query_timing = 17.997"
   ]
  },
  {
   "cell_type": "code",
   "execution_count": 10,
   "metadata": {
    "deletable": false,
    "editable": false
   },
   "outputs": [
    {
     "data": {
      "text/html": [
       "<p><strong><pre style='display: inline;'>q5ai</pre></strong> passed! 🌈</p>"
      ],
      "text/plain": [
       "q5ai results: All test cases passed!"
      ]
     },
     "execution_count": 10,
     "metadata": {},
     "output_type": "execute_result"
    }
   ],
   "source": [
    "grader.check(\"q5ai\")"
   ]
  },
  {
   "cell_type": "code",
   "execution_count": 11,
   "metadata": {},
   "outputs": [
    {
     "name": "stdout",
     "output_type": "stream",
     "text": [
      " * postgresql://postgres:***@127.0.0.1:5432/baseball\n",
      "   postgresql://postgres:***@127.0.0.1:5432/postgres\n",
      "1 rows affected.\n",
      "Returning data to local variable result_5a_avg\n"
     ]
    }
   ],
   "source": [
    "%%sql result_5a_avg <<\n",
    "SELECT AVG(salary) FROM salaries"
   ]
  },
  {
   "cell_type": "code",
   "execution_count": 13,
   "metadata": {},
   "outputs": [
    {
     "name": "stdout",
     "output_type": "stream",
     "text": [
      "                                                    QUERY PLAN                                                    \r\n",
      "------------------------------------------------------------------------------------------------------------------\r\n",
      " Aggregate  (cost=525.35..525.36 rows=1 width=8) (actual time=5.701..5.701 rows=1 loops=1)\r\n",
      "   ->  Seq Scan on salaries  (cost=0.00..459.28 rows=26428 width=8) (actual time=0.009..2.169 rows=26428 loops=1)\r\n",
      " Planning Time: 0.287 ms\r\n",
      " Execution Time: 5.777 ms\r\n",
      "(4 rows)\r\n",
      "\r\n"
     ]
    }
   ],
   "source": [
    "result_5a_avg_query_str = \"SELECT AVG(salary) FROM salaries\"\n",
    "!psql $POSTGRES_URI/baseball -c \"explain analyze $result_5a_avg_query_str\""
   ]
  },
  {
   "cell_type": "code",
   "execution_count": 14,
   "metadata": {},
   "outputs": [],
   "source": [
    "result_5a_avg_query_cost = 525.36\n",
    "result_5a_avg_query_timing = 5.701"
   ]
  },
  {
   "cell_type": "code",
   "execution_count": 15,
   "metadata": {
    "deletable": false,
    "editable": false
   },
   "outputs": [
    {
     "data": {
      "text/html": [
       "<p><strong><pre style='display: inline;'>q5aii</pre></strong> passed! 🎉</p>"
      ],
      "text/plain": [
       "q5aii results: All test cases passed!"
      ]
     },
     "execution_count": 15,
     "metadata": {},
     "output_type": "execute_result"
    }
   ],
   "source": [
    "grader.check(\"q5aii\")"
   ]
  },
  {
   "cell_type": "markdown",
   "metadata": {},
   "source": [
    "#### Question 5b:\n",
    "Create an index on the `salary` column in the `salaries` table and re-inspect the query plans from the previous part and record the respective execution time and cost."
   ]
  },
  {
   "cell_type": "code",
   "execution_count": 16,
   "metadata": {},
   "outputs": [
    {
     "name": "stdout",
     "output_type": "stream",
     "text": [
      " * postgresql://postgres:***@127.0.0.1:5432/baseball\n",
      "   postgresql://postgres:***@127.0.0.1:5432/postgres\n",
      "Done.\n"
     ]
    },
    {
     "data": {
      "text/plain": [
       "[]"
      ]
     },
     "execution_count": 16,
     "metadata": {},
     "output_type": "execute_result"
    }
   ],
   "source": [
    "%%sql \n",
    "CREATE INDEX salary_idx ON salaries(salary)"
   ]
  },
  {
   "cell_type": "code",
   "execution_count": 17,
   "metadata": {},
   "outputs": [
    {
     "name": "stdout",
     "output_type": "stream",
     "text": [
      "                                                                  QUERY PLAN                                                                  \r\n",
      "----------------------------------------------------------------------------------------------------------------------------------------------\r\n",
      " Result  (cost=0.32..0.33 rows=1 width=8) (actual time=0.112..0.113 rows=1 loops=1)\r\n",
      "   InitPlan 1 (returns $0)\r\n",
      "     ->  Limit  (cost=0.29..0.32 rows=1 width=8) (actual time=0.108..0.109 rows=1 loops=1)\r\n",
      "           ->  Index Only Scan using salary_idx on salaries  (cost=0.29..762.78 rows=26428 width=8) (actual time=0.107..0.107 rows=1 loops=1)\r\n",
      "                 Index Cond: (salary IS NOT NULL)\r\n",
      "                 Heap Fetches: 0\r\n",
      " Planning Time: 0.856 ms\r\n",
      " Execution Time: 0.177 ms\r\n",
      "(8 rows)\r\n",
      "\r\n"
     ]
    }
   ],
   "source": [
    "!psql $POSTGRES_URI/baseball -c \"explain analyze $result_5a_min_query_str\""
   ]
  },
  {
   "cell_type": "code",
   "execution_count": 18,
   "metadata": {},
   "outputs": [],
   "source": [
    "result_5b_min_query_cost = 0.33\n",
    "result_5b_min_query_timing = 0.113"
   ]
  },
  {
   "cell_type": "code",
   "execution_count": 19,
   "metadata": {
    "deletable": false,
    "editable": false
   },
   "outputs": [
    {
     "data": {
      "text/html": [
       "<p><strong><pre style='display: inline;'>q5bi</pre></strong> passed! 🎉</p>"
      ],
      "text/plain": [
       "q5bi results: All test cases passed!"
      ]
     },
     "execution_count": 19,
     "metadata": {},
     "output_type": "execute_result"
    }
   ],
   "source": [
    "grader.check(\"q5bi\")"
   ]
  },
  {
   "cell_type": "code",
   "execution_count": 20,
   "metadata": {},
   "outputs": [
    {
     "name": "stdout",
     "output_type": "stream",
     "text": [
      "                                                    QUERY PLAN                                                    \r\n",
      "------------------------------------------------------------------------------------------------------------------\r\n",
      " Aggregate  (cost=525.35..525.36 rows=1 width=8) (actual time=7.310..7.311 rows=1 loops=1)\r\n",
      "   ->  Seq Scan on salaries  (cost=0.00..459.28 rows=26428 width=8) (actual time=0.005..2.781 rows=26428 loops=1)\r\n",
      " Planning Time: 0.324 ms\r\n",
      " Execution Time: 7.389 ms\r\n",
      "(4 rows)\r\n",
      "\r\n"
     ]
    }
   ],
   "source": [
    "!psql $POSTGRES_URI/baseball -c \"explain analyze $result_5a_avg_query_str\""
   ]
  },
  {
   "cell_type": "code",
   "execution_count": 21,
   "metadata": {},
   "outputs": [],
   "source": [
    "result_5b_avg_query_cost = 525.36\n",
    "result_5b_avg_query_timing = 7.311"
   ]
  },
  {
   "cell_type": "code",
   "execution_count": 22,
   "metadata": {
    "deletable": false,
    "editable": false
   },
   "outputs": [
    {
     "data": {
      "text/html": [
       "<p><strong><pre style='display: inline;'>q5bii</pre></strong> passed! 🚀</p>"
      ],
      "text/plain": [
       "q5bii results: All test cases passed!"
      ]
     },
     "execution_count": 22,
     "metadata": {},
     "output_type": "execute_result"
    }
   ],
   "source": [
    "grader.check(\"q5bii\")"
   ]
  },
  {
   "cell_type": "markdown",
   "metadata": {},
   "source": [
    "In the following questions, we will further explore the impact of indexes on query performance. To avoid any interference from the index on the `salary` column, drop the index before moving onto the next question."
   ]
  },
  {
   "cell_type": "code",
   "execution_count": 23,
   "metadata": {},
   "outputs": [
    {
     "name": "stdout",
     "output_type": "stream",
     "text": [
      " * postgresql://postgres:***@127.0.0.1:5432/baseball\n",
      "   postgresql://postgres:***@127.0.0.1:5432/postgres\n",
      "Done.\n"
     ]
    },
    {
     "data": {
      "text/plain": [
       "[]"
      ]
     },
     "execution_count": 23,
     "metadata": {},
     "output_type": "execute_result"
    }
   ],
   "source": [
    "%%sql \n",
    "DROP INDEX salary_idx"
   ]
  },
  {
   "cell_type": "markdown",
   "metadata": {
    "deletable": false,
    "editable": false
   },
   "source": [
    "#### Question 5c:\n",
    "Given your findings from `Question 5a-b`, answer the following question. Assign the variable `q5c` to the correct answer choice.\n",
    "\n",
    "1. Which of the following statements is true?\n",
    "    1. An index on the column being aggregated in a query will always provide a performance enhancement.\n",
    "    1. A query finding the MIN(salary) will always benefit from an index on salary, but a query finding MAX(salary) will not.\n",
    "    1. A query finding the COUNT(salary) will always benefit from an index on salary, but a query finding AVG(salary) will not.\n",
    "    1. Queries finding the MIN(salary) or MAX(salary) will always benefit from an index on salary, but queries finding AVG(salary) or COUNT(salary) will not.\n",
    "\n",
    "*Note:* Your answer should be formatted as follows: `q5c = ['A', 'B']`\n",
    "\n",
    "<!--\n",
    "BEGIN QUESTION\n",
    "name: q5c\n",
    "points: 1\n",
    "-->"
   ]
  },
  {
   "cell_type": "code",
   "execution_count": 24,
   "metadata": {},
   "outputs": [],
   "source": [
    "q5c = ['D']"
   ]
  },
  {
   "cell_type": "code",
   "execution_count": 25,
   "metadata": {
    "deletable": false,
    "editable": false
   },
   "outputs": [
    {
     "data": {
      "text/html": [
       "<p><strong><pre style='display: inline;'>q5c</pre></strong> passed! ✨</p>"
      ],
      "text/plain": [
       "q5c results: All test cases passed!"
      ]
     },
     "execution_count": 25,
     "metadata": {},
     "output_type": "execute_result"
    }
   ],
   "source": [
    "grader.check(\"q5c\")"
   ]
  },
  {
   "cell_type": "markdown",
   "metadata": {
    "deletable": false,
    "editable": false
   },
   "source": [
    "<!-- BEGIN QUESTION -->\n",
    "\n",
    "#### Question 5d:\n",
    "\n",
    "Explain your answer to the previous part based on your inspection of the query plans.\n",
    "\n",
    "<!--\n",
    "BEGIN QUESTION\n",
    "name: q5d\n",
    "manual: true\n",
    "points: 2\n",
    "-->"
   ]
  },
  {
   "cell_type": "markdown",
   "metadata": {},
   "source": [
    "_Type your answer here, replacing this text._"
   ]
  },
  {
   "cell_type": "markdown",
   "metadata": {},
   "source": [
    "<!-- END QUESTION -->\n",
    "\n",
    "\n",
    "\n",
    "### Question 6\n",
    "In this question, we will inspect the impact of that clustering our data on an index can have on a query's performance.\n",
    "\n",
    "#### Question 6a\n",
    "Write a query that finds the `playerid`, `yearid`, `teamid`, and `ab` for all players whose `ab` was above 500. Inspect the query plan and record the execution time and cost."
   ]
  },
  {
   "cell_type": "code",
   "execution_count": 26,
   "metadata": {},
   "outputs": [
    {
     "name": "stdout",
     "output_type": "stream",
     "text": [
      " * postgresql://postgres:***@127.0.0.1:5432/baseball\n",
      "   postgresql://postgres:***@127.0.0.1:5432/postgres\n",
      "8839 rows affected.\n",
      "Returning data to local variable result_6a\n"
     ]
    }
   ],
   "source": [
    "%%sql result_6a <<\n",
    "SELECT\n",
    "    playerid, yearid, teamid, ab\n",
    "FROM batting\n",
    "WHERE\n",
    "    ab > 500"
   ]
  },
  {
   "cell_type": "code",
   "execution_count": 27,
   "metadata": {},
   "outputs": [],
   "source": [
    "# Do not delete/edit this cell\n",
    "result_6a.DataFrame().sort_values(['playerid', 'yearid', 'teamid']).iloc[:1000].to_csv('results/result_6a.csv', index=False)"
   ]
  },
  {
   "cell_type": "code",
   "execution_count": 28,
   "metadata": {
    "deletable": false,
    "editable": false
   },
   "outputs": [
    {
     "data": {
      "text/html": [
       "<p><strong><pre style='display: inline;'>q6ai</pre></strong> passed! 🌟</p>"
      ],
      "text/plain": [
       "q6ai results: All test cases passed!"
      ]
     },
     "execution_count": 28,
     "metadata": {},
     "output_type": "execute_result"
    }
   ],
   "source": [
    "grader.check(\"q6ai\")"
   ]
  },
  {
   "cell_type": "code",
   "execution_count": 30,
   "metadata": {},
   "outputs": [
    {
     "name": "stdout",
     "output_type": "stream",
     "text": [
      "                                                 QUERY PLAN                                                 \r\n",
      "------------------------------------------------------------------------------------------------------------\r\n",
      " Seq Scan on batting  (cost=0.00..2884.05 rows=8972 width=21) (actual time=0.267..15.297 rows=8839 loops=1)\r\n",
      "   Filter: (ab > 500)\r\n",
      "   Rows Removed by Filter: 95485\r\n",
      " Planning Time: 0.270 ms\r\n",
      " Execution Time: 15.683 ms\r\n",
      "(5 rows)\r\n",
      "\r\n"
     ]
    }
   ],
   "source": [
    "result_6a_query_str = \"\"\"\n",
    "SELECT\n",
    "    playerid, yearid, teamid, ab\n",
    "FROM batting\n",
    "WHERE\n",
    "    ab > 500\n",
    "\"\"\"\n",
    "!psql $POSTGRES_URI/baseball -c \"explain analyze $result_6a_query_str\""
   ]
  },
  {
   "cell_type": "code",
   "execution_count": 31,
   "metadata": {},
   "outputs": [],
   "source": [
    "result_6a_cost = 2884.05\n",
    "result_6a_timing = 15.297"
   ]
  },
  {
   "cell_type": "code",
   "execution_count": 32,
   "metadata": {
    "deletable": false,
    "editable": false
   },
   "outputs": [
    {
     "data": {
      "text/html": [
       "<p><strong><pre style='display: inline;'>q6aii</pre></strong> passed! 🚀</p>"
      ],
      "text/plain": [
       "q6aii results: All test cases passed!"
      ]
     },
     "execution_count": 32,
     "metadata": {},
     "output_type": "execute_result"
    }
   ],
   "source": [
    "grader.check(\"q6aii\")"
   ]
  },
  {
   "cell_type": "markdown",
   "metadata": {},
   "source": [
    "#### Question 6b:\n",
    "Cluster the `batting` table on its primary key (hint: use `\\di` to find out what name of the primary key is). We are able to directly cluster on the primary key (without first creating a separate index) because Postgres automatically creates an index for it. Re-inspect the query plan for the query from `Question 6a` and record the execution time and cost."
   ]
  },
  {
   "cell_type": "code",
   "execution_count": 33,
   "metadata": {},
   "outputs": [
    {
     "name": "stdout",
     "output_type": "stream",
     "text": [
      " * postgresql://postgres:***@127.0.0.1:5432/baseball\n",
      "   postgresql://postgres:***@127.0.0.1:5432/postgres\n",
      "27 rows affected.\n"
     ]
    },
    {
     "data": {
      "text/html": [
       "<table>\n",
       "    <tr>\n",
       "        <th>Schema</th>\n",
       "        <th>Name</th>\n",
       "        <th>Type</th>\n",
       "        <th>Owner</th>\n",
       "    </tr>\n",
       "    <tr>\n",
       "        <td>public</td>\n",
       "        <td>allstarfull_pkey</td>\n",
       "        <td>index</td>\n",
       "        <td>postgres</td>\n",
       "    </tr>\n",
       "    <tr>\n",
       "        <td>public</td>\n",
       "        <td>appearances_pkey</td>\n",
       "        <td>index</td>\n",
       "        <td>postgres</td>\n",
       "    </tr>\n",
       "    <tr>\n",
       "        <td>public</td>\n",
       "        <td>awardsmanagers_pkey</td>\n",
       "        <td>index</td>\n",
       "        <td>postgres</td>\n",
       "    </tr>\n",
       "    <tr>\n",
       "        <td>public</td>\n",
       "        <td>awardsplayers_pkey</td>\n",
       "        <td>index</td>\n",
       "        <td>postgres</td>\n",
       "    </tr>\n",
       "    <tr>\n",
       "        <td>public</td>\n",
       "        <td>awardssharemanagers_pkey</td>\n",
       "        <td>index</td>\n",
       "        <td>postgres</td>\n",
       "    </tr>\n",
       "    <tr>\n",
       "        <td>public</td>\n",
       "        <td>awardsshareplayers_pkey</td>\n",
       "        <td>index</td>\n",
       "        <td>postgres</td>\n",
       "    </tr>\n",
       "    <tr>\n",
       "        <td>public</td>\n",
       "        <td>batting_pkey</td>\n",
       "        <td>index</td>\n",
       "        <td>postgres</td>\n",
       "    </tr>\n",
       "    <tr>\n",
       "        <td>public</td>\n",
       "        <td>battingpost_pkey</td>\n",
       "        <td>index</td>\n",
       "        <td>postgres</td>\n",
       "    </tr>\n",
       "    <tr>\n",
       "        <td>public</td>\n",
       "        <td>collegeplaying_pkey</td>\n",
       "        <td>index</td>\n",
       "        <td>postgres</td>\n",
       "    </tr>\n",
       "    <tr>\n",
       "        <td>public</td>\n",
       "        <td>fielding_pkey</td>\n",
       "        <td>index</td>\n",
       "        <td>postgres</td>\n",
       "    </tr>\n",
       "    <tr>\n",
       "        <td>public</td>\n",
       "        <td>fieldingof_pkey</td>\n",
       "        <td>index</td>\n",
       "        <td>postgres</td>\n",
       "    </tr>\n",
       "    <tr>\n",
       "        <td>public</td>\n",
       "        <td>fieldingpost_pkey</td>\n",
       "        <td>index</td>\n",
       "        <td>postgres</td>\n",
       "    </tr>\n",
       "    <tr>\n",
       "        <td>public</td>\n",
       "        <td>g_batting_g_all_idx</td>\n",
       "        <td>index</td>\n",
       "        <td>postgres</td>\n",
       "    </tr>\n",
       "    <tr>\n",
       "        <td>public</td>\n",
       "        <td>halloffame_pkey</td>\n",
       "        <td>index</td>\n",
       "        <td>postgres</td>\n",
       "    </tr>\n",
       "    <tr>\n",
       "        <td>public</td>\n",
       "        <td>homegames_pkey</td>\n",
       "        <td>index</td>\n",
       "        <td>postgres</td>\n",
       "    </tr>\n",
       "    <tr>\n",
       "        <td>public</td>\n",
       "        <td>managers_pkey</td>\n",
       "        <td>index</td>\n",
       "        <td>postgres</td>\n",
       "    </tr>\n",
       "    <tr>\n",
       "        <td>public</td>\n",
       "        <td>managershalf_pkey</td>\n",
       "        <td>index</td>\n",
       "        <td>postgres</td>\n",
       "    </tr>\n",
       "    <tr>\n",
       "        <td>public</td>\n",
       "        <td>master_pkey</td>\n",
       "        <td>index</td>\n",
       "        <td>postgres</td>\n",
       "    </tr>\n",
       "    <tr>\n",
       "        <td>public</td>\n",
       "        <td>parks_pkey</td>\n",
       "        <td>index</td>\n",
       "        <td>postgres</td>\n",
       "    </tr>\n",
       "    <tr>\n",
       "        <td>public</td>\n",
       "        <td>pitching_pkey</td>\n",
       "        <td>index</td>\n",
       "        <td>postgres</td>\n",
       "    </tr>\n",
       "    <tr>\n",
       "        <td>public</td>\n",
       "        <td>pitchingpost_pkey</td>\n",
       "        <td>index</td>\n",
       "        <td>postgres</td>\n",
       "    </tr>\n",
       "    <tr>\n",
       "        <td>public</td>\n",
       "        <td>salaries_pkey</td>\n",
       "        <td>index</td>\n",
       "        <td>postgres</td>\n",
       "    </tr>\n",
       "    <tr>\n",
       "        <td>public</td>\n",
       "        <td>schools_pkey</td>\n",
       "        <td>index</td>\n",
       "        <td>postgres</td>\n",
       "    </tr>\n",
       "    <tr>\n",
       "        <td>public</td>\n",
       "        <td>seriespost_pkey</td>\n",
       "        <td>index</td>\n",
       "        <td>postgres</td>\n",
       "    </tr>\n",
       "    <tr>\n",
       "        <td>public</td>\n",
       "        <td>teams_pkey</td>\n",
       "        <td>index</td>\n",
       "        <td>postgres</td>\n",
       "    </tr>\n",
       "    <tr>\n",
       "        <td>public</td>\n",
       "        <td>teamsfranchises_pkey</td>\n",
       "        <td>index</td>\n",
       "        <td>postgres</td>\n",
       "    </tr>\n",
       "    <tr>\n",
       "        <td>public</td>\n",
       "        <td>teamshalf_pkey</td>\n",
       "        <td>index</td>\n",
       "        <td>postgres</td>\n",
       "    </tr>\n",
       "</table>"
      ],
      "text/plain": [
       "[('public', 'allstarfull_pkey', 'index', 'postgres'),\n",
       " ('public', 'appearances_pkey', 'index', 'postgres'),\n",
       " ('public', 'awardsmanagers_pkey', 'index', 'postgres'),\n",
       " ('public', 'awardsplayers_pkey', 'index', 'postgres'),\n",
       " ('public', 'awardssharemanagers_pkey', 'index', 'postgres'),\n",
       " ('public', 'awardsshareplayers_pkey', 'index', 'postgres'),\n",
       " ('public', 'batting_pkey', 'index', 'postgres'),\n",
       " ('public', 'battingpost_pkey', 'index', 'postgres'),\n",
       " ('public', 'collegeplaying_pkey', 'index', 'postgres'),\n",
       " ('public', 'fielding_pkey', 'index', 'postgres'),\n",
       " ('public', 'fieldingof_pkey', 'index', 'postgres'),\n",
       " ('public', 'fieldingpost_pkey', 'index', 'postgres'),\n",
       " ('public', 'g_batting_g_all_idx', 'index', 'postgres'),\n",
       " ('public', 'halloffame_pkey', 'index', 'postgres'),\n",
       " ('public', 'homegames_pkey', 'index', 'postgres'),\n",
       " ('public', 'managers_pkey', 'index', 'postgres'),\n",
       " ('public', 'managershalf_pkey', 'index', 'postgres'),\n",
       " ('public', 'master_pkey', 'index', 'postgres'),\n",
       " ('public', 'parks_pkey', 'index', 'postgres'),\n",
       " ('public', 'pitching_pkey', 'index', 'postgres'),\n",
       " ('public', 'pitchingpost_pkey', 'index', 'postgres'),\n",
       " ('public', 'salaries_pkey', 'index', 'postgres'),\n",
       " ('public', 'schools_pkey', 'index', 'postgres'),\n",
       " ('public', 'seriespost_pkey', 'index', 'postgres'),\n",
       " ('public', 'teams_pkey', 'index', 'postgres'),\n",
       " ('public', 'teamsfranchises_pkey', 'index', 'postgres'),\n",
       " ('public', 'teamshalf_pkey', 'index', 'postgres')]"
      ]
     },
     "execution_count": 33,
     "metadata": {},
     "output_type": "execute_result"
    }
   ],
   "source": [
    "%sql \\di"
   ]
  },
  {
   "cell_type": "code",
   "execution_count": 34,
   "metadata": {},
   "outputs": [
    {
     "name": "stdout",
     "output_type": "stream",
     "text": [
      " * postgresql://postgres:***@127.0.0.1:5432/baseball\n",
      "   postgresql://postgres:***@127.0.0.1:5432/postgres\n",
      "Done.\n"
     ]
    },
    {
     "data": {
      "text/plain": [
       "[]"
      ]
     },
     "execution_count": 34,
     "metadata": {},
     "output_type": "execute_result"
    }
   ],
   "source": [
    "%%sql \n",
    "CLUSTER VERBOSE batting USING batting_pkey"
   ]
  },
  {
   "cell_type": "code",
   "execution_count": 35,
   "metadata": {},
   "outputs": [
    {
     "name": "stdout",
     "output_type": "stream",
     "text": [
      "                                                 QUERY PLAN                                                 \r\n",
      "------------------------------------------------------------------------------------------------------------\r\n",
      " Seq Scan on batting  (cost=0.00..2878.05 rows=8972 width=21) (actual time=0.022..22.213 rows=8839 loops=1)\r\n",
      "   Filter: (ab > 500)\r\n",
      "   Rows Removed by Filter: 95485\r\n",
      " Planning Time: 0.515 ms\r\n",
      " Execution Time: 22.684 ms\r\n",
      "(5 rows)\r\n",
      "\r\n"
     ]
    }
   ],
   "source": [
    "!psql $POSTGRES_URI/baseball -c \"explain analyze $result_6a_query_str\""
   ]
  },
  {
   "cell_type": "code",
   "execution_count": 36,
   "metadata": {},
   "outputs": [],
   "source": [
    "result_6b_cost = 2878.05\n",
    "result_6b_timing = 22.213"
   ]
  },
  {
   "cell_type": "code",
   "execution_count": 37,
   "metadata": {
    "deletable": false,
    "editable": false
   },
   "outputs": [
    {
     "data": {
      "text/html": [
       "<p><strong><pre style='display: inline;'>q6b</pre></strong> passed! ✨</p>"
      ],
      "text/plain": [
       "q6b results: All test cases passed!"
      ]
     },
     "execution_count": 37,
     "metadata": {},
     "output_type": "execute_result"
    }
   ],
   "source": [
    "grader.check(\"q6b\")"
   ]
  },
  {
   "cell_type": "markdown",
   "metadata": {},
   "source": [
    "#### Question 6c\n",
    "Now, let's try clustering the table based on another index. Create an index on `ab` column called `ab_idx` in the `batting` table and cluster the `batting` table with this new index. Now, re-inspect the query plan and record the execution time and cost."
   ]
  },
  {
   "cell_type": "code",
   "execution_count": 38,
   "metadata": {},
   "outputs": [
    {
     "name": "stdout",
     "output_type": "stream",
     "text": [
      " * postgresql://postgres:***@127.0.0.1:5432/baseball\n",
      "   postgresql://postgres:***@127.0.0.1:5432/postgres\n",
      "Done.\n"
     ]
    },
    {
     "data": {
      "text/plain": [
       "[]"
      ]
     },
     "execution_count": 38,
     "metadata": {},
     "output_type": "execute_result"
    }
   ],
   "source": [
    "%%sql \n",
    "CREATE INDEX ab_idx ON batting(ab)"
   ]
  },
  {
   "cell_type": "code",
   "execution_count": 39,
   "metadata": {},
   "outputs": [
    {
     "name": "stdout",
     "output_type": "stream",
     "text": [
      "                                                      QUERY PLAN                                                      \r\n",
      "----------------------------------------------------------------------------------------------------------------------\r\n",
      " Bitmap Heap Scan on batting  (cost=101.83..1787.98 rows=8972 width=21) (actual time=0.775..4.720 rows=8839 loops=1)\r\n",
      "   Recheck Cond: (ab > 500)\r\n",
      "   Heap Blocks: exact=1311\r\n",
      "   ->  Bitmap Index Scan on ab_idx  (cost=0.00..99.58 rows=8972 width=0) (actual time=0.601..0.602 rows=8839 loops=1)\r\n",
      "         Index Cond: (ab > 500)\r\n",
      " Planning Time: 0.513 ms\r\n",
      " Execution Time: 5.207 ms\r\n",
      "(7 rows)\r\n",
      "\r\n"
     ]
    }
   ],
   "source": [
    "!psql $POSTGRES_URI/baseball -c \"explain analyze $result_6a_query_str\""
   ]
  },
  {
   "cell_type": "code",
   "execution_count": 40,
   "metadata": {},
   "outputs": [],
   "source": [
    "result_6c_cost = 1787.98\n",
    "result_6c_timing = 4.720"
   ]
  },
  {
   "cell_type": "code",
   "execution_count": 41,
   "metadata": {
    "deletable": false,
    "editable": false
   },
   "outputs": [
    {
     "data": {
      "text/html": [
       "<p><strong><pre style='display: inline;'>q6c</pre></strong> passed! 🌈</p>"
      ],
      "text/plain": [
       "q6c results: All test cases passed!"
      ]
     },
     "execution_count": 41,
     "metadata": {},
     "output_type": "execute_result"
    }
   ],
   "source": [
    "grader.check(\"q6c\")"
   ]
  },
  {
   "cell_type": "markdown",
   "metadata": {
    "deletable": false,
    "editable": false
   },
   "source": [
    "#### Question 6d\n",
    "Given your findings from inspecting the query plans from `Question 6a-c`, answer the following question. Assign the variable `q6d` to a list of all statements that are true.\n",
    "\n",
    "1. Consider the following statements:\n",
    "    1. Clustering based on the `ab_idx` decreased the cost of the query.\n",
    "    1. Clustering based on the `ab_idx` increased the cost of the query.\n",
    "    1. Clustering based on the `ab_idx` increased the execution time of the query.\n",
    "    1. Clustering based on the `ab_idx` decreased the execution time of the query.\n",
    "    1. Clustering based on the `batting_pkey` decreased the cost of the query.\n",
    "    1. Clustering based on the `batting_pkey` increased the cost of the query.\n",
    "    1. Clustering based on the `batting_pkey` increased the execution time of the query.\n",
    "    1. Clustering based on the `batting_pkey` decreased the execution time of the query.\n",
    "    1. None of the above\n",
    "    \n",
    "**Note:** Your answer should be formatted as follows: `q6d = ['A', 'B']`\n",
    "\n",
    "<!--\n",
    "BEGIN QUESTION\n",
    "name: q6d\n",
    "points: 2\n",
    "-->"
   ]
  },
  {
   "cell_type": "code",
   "execution_count": 42,
   "metadata": {},
   "outputs": [],
   "source": [
    "q6d = ['A', 'D', 'F', 'H']"
   ]
  },
  {
   "cell_type": "code",
   "execution_count": 43,
   "metadata": {
    "deletable": false,
    "editable": false
   },
   "outputs": [
    {
     "data": {
      "text/html": [
       "<p><strong><pre style='display: inline;'>q6d</pre></strong> passed! 🌈</p>"
      ],
      "text/plain": [
       "q6d results: All test cases passed!"
      ]
     },
     "execution_count": 43,
     "metadata": {},
     "output_type": "execute_result"
    }
   ],
   "source": [
    "grader.check(\"q6d\")"
   ]
  },
  {
   "cell_type": "markdown",
   "metadata": {
    "deletable": false,
    "editable": false
   },
   "source": [
    "<!-- BEGIN QUESTION -->\n",
    "\n",
    "#### Question 6e:\n",
    "\n",
    "Explain your answer to the previous part based on your inspection of the query plans (your explanation should include why you didn't choose certain options).\n",
    "\n",
    "<!--\n",
    "BEGIN QUESTION\n",
    "name: q6e\n",
    "manual: true\n",
    "points: 2\n",
    "-->"
   ]
  },
  {
   "cell_type": "markdown",
   "metadata": {},
   "source": [
    "_Type your answer here, replacing this text._"
   ]
  },
  {
   "cell_type": "markdown",
   "metadata": {},
   "source": [
    "<!-- END QUESTION -->\n",
    "\n",
    "\n",
    "\n",
    "### Question 7\n",
    "Until now, we have seen the positive potential impact that indexes can have on query performance, but remember in real world technologies/applications, we will be routinely receiving new data (and in large quantities) which would trigger regular updates to our tables. In this section, we will dive into the cost of managing the indexes that we create.\n",
    "\n",
    "#### Question 7a:\n",
    "Record the time it takes to insert 300,000 rows into the `salaries` table when no additional index is configured."
   ]
  },
  {
   "cell_type": "markdown",
   "metadata": {},
   "source": [
    "Run the following cell to setup a column to track which rows we added as part of these inserts."
   ]
  },
  {
   "cell_type": "code",
   "execution_count": 44,
   "metadata": {},
   "outputs": [
    {
     "name": "stdout",
     "output_type": "stream",
     "text": [
      " * postgresql://postgres:***@127.0.0.1:5432/baseball\n",
      "   postgresql://postgres:***@127.0.0.1:5432/postgres\n",
      "Done.\n"
     ]
    },
    {
     "data": {
      "text/plain": [
       "[]"
      ]
     },
     "execution_count": 44,
     "metadata": {},
     "output_type": "execute_result"
    }
   ],
   "source": [
    "%sql ALTER TABLE salaries ADD added boolean DEFAULT False;"
   ]
  },
  {
   "cell_type": "markdown",
   "metadata": {},
   "source": [
    "Next, run the provided update script and record the wall time."
   ]
  },
  {
   "cell_type": "code",
   "execution_count": 45,
   "metadata": {},
   "outputs": [
    {
     "name": "stdout",
     "output_type": "stream",
     "text": [
      " * postgresql://postgres:***@127.0.0.1:5432/baseball\n",
      "   postgresql://postgres:***@127.0.0.1:5432/postgres\n",
      "Done.\n",
      "CPU times: user 7.26 ms, sys: 0 ns, total: 7.26 ms\n",
      "Wall time: 6.02 s\n"
     ]
    },
    {
     "data": {
      "text/plain": [
       "[]"
      ]
     },
     "execution_count": 45,
     "metadata": {},
     "output_type": "execute_result"
    }
   ],
   "source": [
    "%%time\n",
    "%%sql\n",
    "DO $$\n",
    " DECLARE counter INTEGER := 1;\n",
    " BEGIN\n",
    "     FOR counter IN 100000..400000 LOOP\n",
    "     INSERT INTO salaries (yearid, teamid, lgid, playerid, salary, added)\n",
    "         VALUES (2021, 'ATL', 'NL', 'p' || counter, RANDOM() * 1000000, true);\n",
    "     END LOOP;\n",
    "END;\n",
    "$$;"
   ]
  },
  {
   "cell_type": "code",
   "execution_count": 46,
   "metadata": {},
   "outputs": [],
   "source": [
    "result_7a_timing = 6.02"
   ]
  },
  {
   "cell_type": "code",
   "execution_count": 47,
   "metadata": {
    "deletable": false,
    "editable": false
   },
   "outputs": [
    {
     "data": {
      "text/html": [
       "<p><strong><pre style='display: inline;'>q7a</pre></strong> passed! ✨</p>"
      ],
      "text/plain": [
       "q7a results: All test cases passed!"
      ]
     },
     "execution_count": 47,
     "metadata": {},
     "output_type": "execute_result"
    }
   ],
   "source": [
    "grader.check(\"q7a\")"
   ]
  },
  {
   "cell_type": "markdown",
   "metadata": {},
   "source": [
    "Before adding an index to the salaries table and re-timing the updates, delete all the rows that were added to the table from the update script."
   ]
  },
  {
   "cell_type": "code",
   "execution_count": 48,
   "metadata": {},
   "outputs": [
    {
     "name": "stdout",
     "output_type": "stream",
     "text": [
      " * postgresql://postgres:***@127.0.0.1:5432/baseball\n",
      "   postgresql://postgres:***@127.0.0.1:5432/postgres\n",
      "300001 rows affected.\n"
     ]
    },
    {
     "data": {
      "text/plain": [
       "[]"
      ]
     },
     "execution_count": 48,
     "metadata": {},
     "output_type": "execute_result"
    }
   ],
   "source": [
    "%%sql\n",
    "DELETE FROM salaries\n",
    "WHERE added = 'true';"
   ]
  },
  {
   "cell_type": "markdown",
   "metadata": {},
   "source": [
    "#### Question 7b:\n",
    "Now, create an index on the `salary` column and record the wall time after executing the update script."
   ]
  },
  {
   "cell_type": "code",
   "execution_count": 49,
   "metadata": {},
   "outputs": [
    {
     "name": "stdout",
     "output_type": "stream",
     "text": [
      " * postgresql://postgres:***@127.0.0.1:5432/baseball\n",
      "   postgresql://postgres:***@127.0.0.1:5432/postgres\n",
      "Done.\n"
     ]
    },
    {
     "data": {
      "text/plain": [
       "[]"
      ]
     },
     "execution_count": 49,
     "metadata": {},
     "output_type": "execute_result"
    }
   ],
   "source": [
    "%%sql \n",
    "CREATE INDEX salary_idx ON salaries(salary)"
   ]
  },
  {
   "cell_type": "code",
   "execution_count": 50,
   "metadata": {},
   "outputs": [
    {
     "name": "stdout",
     "output_type": "stream",
     "text": [
      " * postgresql://postgres:***@127.0.0.1:5432/baseball\n",
      "   postgresql://postgres:***@127.0.0.1:5432/postgres\n",
      "Done.\n",
      "CPU times: user 6.62 ms, sys: 566 µs, total: 7.19 ms\n",
      "Wall time: 11.9 s\n"
     ]
    },
    {
     "data": {
      "text/plain": [
       "[]"
      ]
     },
     "execution_count": 50,
     "metadata": {},
     "output_type": "execute_result"
    }
   ],
   "source": [
    "%%time\n",
    "%%sql\n",
    "DO $$\n",
    " DECLARE counter INTEGER := 1;\n",
    " BEGIN\n",
    "     FOR counter IN 100000..400000 LOOP\n",
    "     INSERT INTO salaries (yearid, teamid, lgid, playerid, salary, added)\n",
    "         VALUES (2021, 'ATL', 'NL', 'p' || counter, RANDOM() * 1000000, true);\n",
    "     END LOOP;\n",
    "END;\n",
    "$$;"
   ]
  },
  {
   "cell_type": "code",
   "execution_count": 51,
   "metadata": {},
   "outputs": [],
   "source": [
    "result_7b_timing = 11.9"
   ]
  },
  {
   "cell_type": "code",
   "execution_count": 52,
   "metadata": {
    "deletable": false,
    "editable": false
   },
   "outputs": [
    {
     "data": {
      "text/html": [
       "<p><strong><pre style='display: inline;'>q7b</pre></strong> passed! 🌈</p>"
      ],
      "text/plain": [
       "q7b results: All test cases passed!"
      ]
     },
     "execution_count": 52,
     "metadata": {},
     "output_type": "execute_result"
    }
   ],
   "source": [
    "grader.check(\"q7b\")"
   ]
  },
  {
   "cell_type": "markdown",
   "metadata": {},
   "source": [
    "## Question 8\n",
    "In this question, we will explore the benefits of bulk loading data and indexes. \n",
    "\n",
    "#### Question 8ai:\n",
    "Create a new table called `fabricated_salaries` with the following schema:\n",
    "\n",
    "Column Name | Data Type\n",
    "--- | --- \n",
    "yearid |  INTEGER\n",
    "teamid | CHARACTER VARYING(3)\n",
    "lgid | CHARACTER VARYING(2)\n",
    "playerid | CHARACTER VARYING(10)\n",
    "salary | DOUBLE PRECISION\n",
    "\n",
    "**Note:** There are no tests associated with this subpart."
   ]
  },
  {
   "cell_type": "code",
   "execution_count": 54,
   "metadata": {},
   "outputs": [
    {
     "name": "stdout",
     "output_type": "stream",
     "text": [
      " * postgresql://postgres:***@127.0.0.1:5432/baseball\n",
      "   postgresql://postgres:***@127.0.0.1:5432/postgres\n",
      "Done.\n",
      "Done.\n",
      "Returning data to local variable result_8a\n"
     ]
    }
   ],
   "source": [
    "%%sql result_8a <<\n",
    "DROP TABLE IF EXISTS fabricated_salaries;\n",
    "CREATE TABLE fabricated_salaries (\n",
    "    yearid INT,\n",
    "    teamid VARCHAR(3),\n",
    "    lgid VARCHAR(2),\n",
    "    playerid VARCHAR(10),\n",
    "    salary DOUBLE PRECISION\n",
    ");"
   ]
  },
  {
   "cell_type": "markdown",
   "metadata": {},
   "source": [
    "#### Question 8aii:\n",
    "Record the time it takes to copy the contents of the `fabricated_salaries.txt` into the new table. Hint: Use the psql shell comamnd `\\copy` to perform the copying (see the documentation [here](https://www.postgresql.org/docs/9.2/app-psql.html#APP-PSQL-META-COMMANDS-COPY)). Your answer should be formatted as follows: `!psql -h localhost -d baseball -c \"\\copy _REPLACE_ME_\"`."
   ]
  },
  {
   "cell_type": "code",
   "execution_count": 55,
   "metadata": {},
   "outputs": [
    {
     "name": "stdout",
     "output_type": "stream",
     "text": [
      "Archive:  data/salaries_trunc.zip\r\n",
      "  inflating: data/salaries_trunc.txt  \r\n"
     ]
    }
   ],
   "source": [
    "# Unzip the file before copying\n",
    "!unzip -u data/salaries_trunc.zip -d data/"
   ]
  },
  {
   "cell_type": "code",
   "execution_count": 56,
   "metadata": {},
   "outputs": [
    {
     "name": "stdout",
     "output_type": "stream",
     "text": [
      "CPU times: user 6 µs, sys: 1e+03 ns, total: 7 µs\n",
      "Wall time: 17.2 µs\n",
      "COPY 10000\n"
     ]
    }
   ],
   "source": [
    "%time\n",
    "!psql $POSTGRES_URI/baseball -c \"\\copy fabricated_salaries FROM 'data/salaries_trunc.txt' WITH DELIMITER ','\""
   ]
  },
  {
   "cell_type": "code",
   "execution_count": 57,
   "metadata": {},
   "outputs": [],
   "source": [
    "time_to_copy_data = 0.0172"
   ]
  },
  {
   "cell_type": "code",
   "execution_count": 58,
   "metadata": {
    "deletable": false,
    "editable": false
   },
   "outputs": [
    {
     "data": {
      "text/html": [
       "<p><strong><pre style='display: inline;'>q8aii</pre></strong> passed! 🚀</p>"
      ],
      "text/plain": [
       "q8aii results: All test cases passed!"
      ]
     },
     "execution_count": 58,
     "metadata": {},
     "output_type": "execute_result"
    }
   ],
   "source": [
    "grader.check(\"q8aii\")"
   ]
  },
  {
   "cell_type": "markdown",
   "metadata": {},
   "source": [
    "#### Question 8aiii:\n",
    "Record the time to create an index on the `salary` column with name `fabricated_salary_idx` for the new table you created."
   ]
  },
  {
   "cell_type": "code",
   "execution_count": 76,
   "metadata": {},
   "outputs": [
    {
     "name": "stdout",
     "output_type": "stream",
     "text": [
      " * postgresql://postgres:***@127.0.0.1:5432/baseball\n",
      "   postgresql://postgres:***@127.0.0.1:5432/postgres\n",
      "Done.\n",
      "CPU times: user 2.12 ms, sys: 3.67 ms, total: 5.79 ms\n",
      "Wall time: 111 ms\n"
     ]
    },
    {
     "data": {
      "text/plain": [
       "[]"
      ]
     },
     "execution_count": 76,
     "metadata": {},
     "output_type": "execute_result"
    }
   ],
   "source": [
    "%%time\n",
    "%%sql \n",
    "CREATE INDEX fabricated_salary_idx ON fabricated_salaries(salary)"
   ]
  },
  {
   "cell_type": "code",
   "execution_count": 77,
   "metadata": {},
   "outputs": [],
   "source": [
    "time_to_create_index = 111"
   ]
  },
  {
   "cell_type": "code",
   "execution_count": 78,
   "metadata": {
    "deletable": false,
    "editable": false
   },
   "outputs": [
    {
     "data": {
      "text/html": [
       "<p><strong><pre style='display: inline;'>q8aiii</pre></strong> passed! 🌈</p>"
      ],
      "text/plain": [
       "q8aiii results: All test cases passed!"
      ]
     },
     "execution_count": 78,
     "metadata": {},
     "output_type": "execute_result"
    }
   ],
   "source": [
    "grader.check(\"q8aiii\")"
   ]
  },
  {
   "cell_type": "markdown",
   "metadata": {},
   "source": [
    "### Question 8b:\n",
    "Now, create a second table called `fabricated_salaries2` with the same schema definition from `Question 8ai`. Then, record the time to run 10,000 `INSERT` statements."
   ]
  },
  {
   "cell_type": "code",
   "execution_count": 62,
   "metadata": {},
   "outputs": [
    {
     "name": "stdout",
     "output_type": "stream",
     "text": [
      " * postgresql://postgres:***@127.0.0.1:5432/baseball\n",
      "   postgresql://postgres:***@127.0.0.1:5432/postgres\n",
      "Done.\n",
      "Done.\n",
      "Returning data to local variable result_8b\n"
     ]
    }
   ],
   "source": [
    "%%sql result_8b <<\n",
    "DROP TABLE IF EXISTS fabricated_salaries2;\n",
    "CREATE TABLE fabricated_salaries2 (\n",
    "    yearid INT,\n",
    "    teamid VARCHAR(3),\n",
    "    lgid VARCHAR(2),\n",
    "    playerid VARCHAR(10),\n",
    "    salary DOUBLE PRECISION\n",
    ");"
   ]
  },
  {
   "cell_type": "markdown",
   "metadata": {},
   "source": [
    "Run the following cell and record the time it takes to perform 10,000 random inserts into the table you just created."
   ]
  },
  {
   "cell_type": "code",
   "execution_count": 63,
   "metadata": {},
   "outputs": [
    {
     "name": "stdout",
     "output_type": "stream",
     "text": [
      " * postgresql://postgres:***@127.0.0.1:5432/baseball\n",
      "   postgresql://postgres:***@127.0.0.1:5432/postgres\n",
      "Done.\n",
      "CPU times: user 4.41 ms, sys: 71 µs, total: 4.48 ms\n",
      "Wall time: 133 ms\n"
     ]
    },
    {
     "data": {
      "text/plain": [
       "[]"
      ]
     },
     "execution_count": 63,
     "metadata": {},
     "output_type": "execute_result"
    }
   ],
   "source": [
    "%%time\n",
    "%%sql\n",
    "DO $$\n",
    " DECLARE counter INTEGER := 1;\n",
    " BEGIN\n",
    "     FOR counter IN 100001..110000 LOOP\n",
    "     INSERT INTO fabricated_salaries2 (yearid, teamid, lgid, playerid, salary)\n",
    "         VALUES (2021, 'ATL', 'NL', 'p' || counter, RANDOM() * 1000000);\n",
    "     END LOOP;\n",
    "END;\n",
    "$$;"
   ]
  },
  {
   "cell_type": "code",
   "execution_count": 64,
   "metadata": {},
   "outputs": [],
   "source": [
    "time_8b = 133"
   ]
  },
  {
   "cell_type": "code",
   "execution_count": 65,
   "metadata": {
    "deletable": false,
    "editable": false
   },
   "outputs": [
    {
     "data": {
      "text/html": [
       "<p><strong><pre style='display: inline;'>q8b</pre></strong> passed! 🙌</p>"
      ],
      "text/plain": [
       "q8b results: All test cases passed!"
      ]
     },
     "execution_count": 65,
     "metadata": {},
     "output_type": "execute_result"
    }
   ],
   "source": [
    "grader.check(\"q8b\")"
   ]
  },
  {
   "cell_type": "markdown",
   "metadata": {},
   "source": [
    "### Question 8c\n",
    "Now, create a third table `fabricated_salaries3` (with the same schema specified in `Question 8ai`) and create an index on the `salary` column with name `fabricated_salary3_idx`."
   ]
  },
  {
   "cell_type": "code",
   "execution_count": 66,
   "metadata": {},
   "outputs": [
    {
     "name": "stdout",
     "output_type": "stream",
     "text": [
      " * postgresql://postgres:***@127.0.0.1:5432/baseball\n",
      "   postgresql://postgres:***@127.0.0.1:5432/postgres\n",
      "Done.\n",
      "Done.\n",
      "Done.\n",
      "Returning data to local variable result_8c\n"
     ]
    }
   ],
   "source": [
    "%%sql result_8c <<\n",
    "DROP TABLE IF EXISTS fabricated_salaries3;\n",
    "CREATE TABLE fabricated_salaries3 (\n",
    "    yearid INT,\n",
    "    teamid VARCHAR(3),\n",
    "    lgid VARCHAR(2),\n",
    "    playerid VARCHAR(10),\n",
    "    salary DOUBLE PRECISION\n",
    ");"
   ]
  },
  {
   "cell_type": "markdown",
   "metadata": {},
   "source": [
    "Create an index on the `salary` column of the new table you created."
   ]
  },
  {
   "cell_type": "code",
   "execution_count": null,
   "metadata": {},
   "outputs": [],
   "source": [
    "%%sql \n",
    "CREATE INDEX fabricated_salary3_idx ON fabricated_salaries3(salary)"
   ]
  },
  {
   "cell_type": "markdown",
   "metadata": {},
   "source": [
    "Run the following cell and record the time it takes to perform 10,000 random inserts into the table you just created."
   ]
  },
  {
   "cell_type": "code",
   "execution_count": 67,
   "metadata": {},
   "outputs": [
    {
     "name": "stdout",
     "output_type": "stream",
     "text": [
      " * postgresql://postgres:***@127.0.0.1:5432/baseball\n",
      "   postgresql://postgres:***@127.0.0.1:5432/postgres\n",
      "Done.\n",
      "CPU times: user 4.36 ms, sys: 59 µs, total: 4.42 ms\n",
      "Wall time: 199 ms\n"
     ]
    },
    {
     "data": {
      "text/plain": [
       "[]"
      ]
     },
     "execution_count": 67,
     "metadata": {},
     "output_type": "execute_result"
    }
   ],
   "source": [
    "%%time\n",
    "%%sql\n",
    "DO $$\n",
    " DECLARE counter INTEGER := 1;\n",
    " BEGIN\n",
    "     FOR counter IN 100001..110000 LOOP\n",
    "     INSERT INTO fabricated_salaries3 (yearid, teamid, lgid, playerid, salary)\n",
    "         VALUES (2021, 'ATL', 'NL', 'p' || counter, RANDOM() * 1000000);\n",
    "     END LOOP;\n",
    " END;\n",
    "$$;"
   ]
  },
  {
   "cell_type": "code",
   "execution_count": 68,
   "metadata": {},
   "outputs": [],
   "source": [
    "time_8c = 199"
   ]
  },
  {
   "cell_type": "code",
   "execution_count": 69,
   "metadata": {
    "deletable": false,
    "editable": false
   },
   "outputs": [
    {
     "data": {
      "text/html": [
       "<p><strong><pre style='display: inline;'>q8c</pre></strong> passed! 🎉</p>"
      ],
      "text/plain": [
       "q8c results: All test cases passed!"
      ]
     },
     "execution_count": 69,
     "metadata": {},
     "output_type": "execute_result"
    }
   ],
   "source": [
    "grader.check(\"q8c\")"
   ]
  },
  {
   "cell_type": "markdown",
   "metadata": {},
   "source": [
    "### Question 8d\n",
    "Now, write an update query that adds $5,000 to every salary entry in the table you created in `Question 8ai`. Record the time it takes to execute the query."
   ]
  },
  {
   "cell_type": "code",
   "execution_count": 79,
   "metadata": {},
   "outputs": [
    {
     "name": "stdout",
     "output_type": "stream",
     "text": [
      " * postgresql://postgres:***@127.0.0.1:5432/baseball\n",
      "   postgresql://postgres:***@127.0.0.1:5432/postgres\n",
      "10000 rows affected.\n",
      "CPU times: user 4.97 ms, sys: 3.41 ms, total: 8.38 ms\n",
      "Wall time: 223 ms\n"
     ]
    },
    {
     "data": {
      "text/plain": [
       "[]"
      ]
     },
     "execution_count": 79,
     "metadata": {},
     "output_type": "execute_result"
    }
   ],
   "source": [
    "%%time\n",
    "%%sql\n",
    "UPDATE fabricated_salaries\n",
    "SET salary = salary + 5000"
   ]
  },
  {
   "cell_type": "code",
   "execution_count": 80,
   "metadata": {},
   "outputs": [],
   "source": [
    "time_8d = 223"
   ]
  },
  {
   "cell_type": "code",
   "execution_count": 74,
   "metadata": {
    "deletable": false,
    "editable": false
   },
   "outputs": [
    {
     "data": {
      "text/html": [
       "<p><strong><pre style='display: inline;'>q8d</pre></strong> passed! ✨</p>"
      ],
      "text/plain": [
       "q8d results: All test cases passed!"
      ]
     },
     "execution_count": 74,
     "metadata": {},
     "output_type": "execute_result"
    }
   ],
   "source": [
    "grader.check(\"q8d\")"
   ]
  },
  {
   "cell_type": "markdown",
   "metadata": {},
   "source": [
    "## Question 8e\n",
    "Let's compare the time from the previous part with the time it takes to drop the index, run the same update query from `Question 8c`, and then recreate the index."
   ]
  },
  {
   "cell_type": "code",
   "execution_count": 83,
   "metadata": {},
   "outputs": [
    {
     "name": "stdout",
     "output_type": "stream",
     "text": [
      " * postgresql://postgres:***@127.0.0.1:5432/baseball\n",
      "   postgresql://postgres:***@127.0.0.1:5432/postgres\n",
      "Done.\n",
      "(psycopg2.errors.UndefinedObject) index \"fabricated_salary_idx\" does not exist\n",
      "\n",
      "[SQL: DROP INDEX fabricated_salary_idx;]\n",
      "(Background on this error at: https://sqlalche.me/e/14/f405)\n",
      "CPU times: user 5.54 ms, sys: 0 ns, total: 5.54 ms\n",
      "Wall time: 5.52 ms\n"
     ]
    }
   ],
   "source": [
    "%%time\n",
    "%%sql\n",
    "BEGIN;\n",
    "DROP INDEX fabricated_salary_idx;\n",
    "\n",
    "UPDATE fabricated_salaries\n",
    "SET salary = salary + 5000\n",
    ";\n",
    "\n",
    "CREATE INDEX fabricated_salary_idx ON fabricated_salaries(salary);\n",
    "COMMIT"
   ]
  },
  {
   "cell_type": "code",
   "execution_count": 84,
   "metadata": {},
   "outputs": [],
   "source": [
    "time_8e = 5.52"
   ]
  },
  {
   "cell_type": "code",
   "execution_count": 85,
   "metadata": {
    "deletable": false,
    "editable": false
   },
   "outputs": [
    {
     "data": {
      "text/html": [
       "<p><strong><pre style='display: inline;'>q8e</pre></strong> passed! 🎉</p>"
      ],
      "text/plain": [
       "q8e results: All test cases passed!"
      ]
     },
     "execution_count": 85,
     "metadata": {},
     "output_type": "execute_result"
    }
   ],
   "source": [
    "grader.check(\"q8e\")"
   ]
  },
  {
   "cell_type": "markdown",
   "metadata": {},
   "source": [
    "## Congratulations! You have finished Project 2.\n",
    "\n",
    "Run the following cell to zip the results of your queries. You will also need to run the export cell at the end of the notebook. **For submission on Gradescope, you will need to submit both the proj2.zip file genreated by the export cell and the results.zip file generated by the following cell.**"
   ]
  },
  {
   "cell_type": "code",
   "execution_count": 215,
   "metadata": {
    "deletable": false,
    "editable": false
   },
   "outputs": [],
   "source": [
    "!zip -r results.zip results"
   ]
  },
  {
   "cell_type": "markdown",
   "metadata": {
    "deletable": false,
    "editable": false
   },
   "source": [
    "---\n",
    "\n",
    "To double-check your work, the cell below will rerun all of the autograder tests."
   ]
  },
  {
   "cell_type": "code",
   "execution_count": null,
   "metadata": {
    "deletable": false,
    "editable": false
   },
   "outputs": [],
   "source": [
    "grader.check_all()"
   ]
  },
  {
   "cell_type": "markdown",
   "metadata": {
    "deletable": false,
    "editable": false
   },
   "source": [
    "## Submission\n",
    "\n",
    "Make sure you have run all cells in your notebook in order before running the cell below, so that all images/graphs appear in the output. The cell below will generate a zip file for you to submit. **Please save before exporting!**"
   ]
  },
  {
   "cell_type": "code",
   "execution_count": null,
   "metadata": {
    "deletable": false,
    "editable": false
   },
   "outputs": [],
   "source": [
    "# Save your notebook first, then run this cell to export your submission.\n",
    "grader.export()"
   ]
  },
  {
   "cell_type": "markdown",
   "metadata": {},
   "source": [
    " "
   ]
  }
 ],
 "metadata": {
  "kernelspec": {
   "display_name": "Python 3",
   "language": "python",
   "name": "python3"
  },
  "language_info": {
   "codemirror_mode": {
    "name": "ipython",
    "version": 3
   },
   "file_extension": ".py",
   "mimetype": "text/x-python",
   "name": "python",
   "nbconvert_exporter": "python",
   "pygments_lexer": "ipython3",
   "version": "3.8.10"
  }
 },
 "nbformat": 4,
 "nbformat_minor": 4
}
